# JRE version: OpenJDK Runtime Environment (8.0_252-b09) (build 1.8.0_252-8u252-b09-1ubuntu1-b09)
# Java VM: OpenJDK 64-Bit Server VM (25.252-b09 mixed mode linux-amd64 compressed oops)
Heap:
 PSYoungGen      total 305664K, used 105062K [0x00000000eab00000, 0x0000000100000000, 0x0000000100000000)
  eden space 262144K, 24% used [0x00000000eab00000,0x00000000ee9c3740,0x00000000fab00000)
  from space 43520K, 93% used [0x00000000fab00000,0x00000000fd2d6228,0x00000000fd580000)
  to   space 42496K, 0% used [0x00000000fd680000,0x00000000fd680000,0x0000000100000000)
 ParOldGen       total 699392K, used 40913K [0x00000000c0000000, 0x00000000eab00000, 0x00000000eab00000)
  object space 699392K, 5% used [0x00000000c0000000,0x00000000c27f4520,0x00000000eab00000)
 Metaspace       used 69847K, capacity 78845K, committed 79104K, reserved 1118208K
  class space    used 9610K, capacity 10184K, committed 10240K, reserved 1048576K
GC Heap History (10 events):
Event: 6.827 GC heap before
{Heap before GC invocations=8 (full 3):
 PSYoungGen      total 305664K, used 46003K [0x00000000eab00000, 0x0000000100000000, 0x0000000100000000)
  eden space 262144K, 9% used [0x00000000eab00000,0x00000000ec2cdc18,0x00000000fab00000)
  from space 43520K, 49% used [0x00000000fd580000,0x00000000fea9f2a8,0x0000000100000000)
  to   space 43520K, 0% used [0x00000000fab00000,0x00000000fab00000,0x00000000fd580000)
 ParOldGen       total 699392K, used 38162K [0x00000000c0000000, 0x00000000eab00000, 0x00000000eab00000)
  object space 699392K, 5% used [0x00000000c0000000,0x00000000c2544b90,0x00000000eab00000)
 Metaspace       used 68147K, capacity 76455K, committed 76672K, reserved 1116160K
  class space    used 9356K, capacity 9855K, committed 9856K, reserved 1048576K
Event: 6.836 GC heap after
Heap after GC invocations=8 (full 3):
 PSYoungGen      total 305664K, used 15098K [0x00000000eab00000, 0x0000000100000000, 0x0000000100000000)
  eden space 262144K, 0% used [0x00000000eab00000,0x00000000eab00000,0x00000000fab00000)
  from space 43520K, 34% used [0x00000000fab00000,0x00000000fb9be848,0x00000000fd580000)
  to   space 43520K, 0% used [0x00000000fd580000,0x00000000fd580000,0x0000000100000000)
 ParOldGen       total 699392K, used 38170K [0x00000000c0000000, 0x00000000eab00000, 0x00000000eab00000)
  object space 699392K, 5% used [0x00000000c0000000,0x00000000c2546b90,0x00000000eab00000)
 Metaspace       used 68147K, capacity 76455K, committed 76672K, reserved 1116160K
  class space    used 9356K, capacity 9855K, committed 9856K, reserved 1048576K
}
Event: 6.836 GC heap before
{Heap before GC invocations=9 (full 4):
 PSYoungGen      total 305664K, used 15098K [0x00000000eab00000, 0x0000000100000000, 0x0000000100000000)
  eden space 262144K, 0% used [0x00000000eab00000,0x00000000eab00000,0x00000000fab00000)
  from space 43520K, 34% used [0x00000000fab00000,0x00000000fb9be848,0x00000000fd580000)
  to   space 43520K, 0% used [0x00000000fd580000,0x00000000fd580000,0x0000000100000000)
 ParOldGen       total 699392K, used 38170K [0x00000000c0000000, 0x00000000eab00000, 0x00000000eab00000)
  object space 699392K, 5% used [0x00000000c0000000,0x00000000c2546b90,0x00000000eab00000)
 Metaspace       used 68147K, capacity 76455K, committed 76672K, reserved 1116160K
  class space    used 9356K, capacity 9855K, committed 9856K, reserved 1048576K
Event: 6.976 GC heap after
Heap after GC invocations=9 (full 4):
 PSYoungGen      total 305664K, used 0K [0x00000000eab00000, 0x0000000100000000, 0x0000000100000000)
  eden space 262144K, 0% used [0x00000000eab00000,0x00000000eab00000,0x00000000fab00000)
  from space 43520K, 0% used [0x00000000fab00000,0x00000000fab00000,0x00000000fd580000)
  to   space 43520K, 0% used [0x00000000fd580000,0x00000000fd580000,0x0000000100000000)
 ParOldGen       total 699392K, used 41294K [0x00000000c0000000, 0x00000000eab00000, 0x00000000eab00000)
  object space 699392K, 5% used [0x00000000c0000000,0x00000000c2853a08,0x00000000eab00000)
 Metaspace       used 67946K, capacity 76025K, committed 76672K, reserved 1116160K
  class space    used 9288K, capacity 9774K, committed 9856K, reserved 1048576K
}
Event: 6.977 GC heap before
{Heap before GC invocations=10 (full 4):
 PSYoungGen      total 305664K, used 5077K [0x00000000eab00000, 0x0000000100000000, 0x0000000100000000)
  eden space 262144K, 1% used [0x00000000eab00000,0x00000000eaff54f8,0x00000000fab00000)
  from space 43520K, 0% used [0x00000000fab00000,0x00000000fab00000,0x00000000fd580000)
  to   space 43520K, 0% used [0x00000000fd580000,0x00000000fd580000,0x0000000100000000)
 ParOldGen       total 699392K, used 41294K [0x00000000c0000000, 0x00000000eab00000, 0x00000000eab00000)
  object space 699392K, 5% used [0x00000000c0000000,0x00000000c2853a08,0x00000000eab00000)
 Metaspace       used 67948K, capacity 76025K, committed 76672K, reserved 1116160K
  class space    used 9289K, capacity 9774K, committed 9856K, reserved 1048576K
Event: 6.980 GC heap after
Heap after GC invocations=10 (full 4):
 PSYoungGen      total 305664K, used 128K [0x00000000eab00000, 0x0000000100000000, 0x0000000100000000)
  eden space 262144K, 0% used [0x00000000eab00000,0x00000000eab00000,0x00000000fab00000)
  from space 43520K, 0% used [0x00000000fd580000,0x00000000fd5a0000,0x0000000100000000)
  to   space 43520K, 0% used [0x00000000fab00000,0x00000000fab00000,0x00000000fd580000)
 ParOldGen       total 699392K, used 41294K [0x00000000c0000000, 0x00000000eab00000, 0x00000000eab00000)
  object space 699392K, 5% used [0x00000000c0000000,0x00000000c2853a08,0x00000000eab00000)
 Metaspace       used 67948K, capacity 76025K, committed 76672K, reserved 1116160K
  class space    used 9289K, capacity 9774K, committed 9856K, reserved 1048576K
}
Event: 6.980 GC heap before
{Heap before GC invocations=11 (full 5):
 PSYoungGen      total 305664K, used 128K [0x00000000eab00000, 0x0000000100000000, 0x0000000100000000)
  eden space 262144K, 0% used [0x00000000eab00000,0x00000000eab00000,0x00000000fab00000)
  from space 43520K, 0% used [0x00000000fd580000,0x00000000fd5a0000,0x0000000100000000)
  to   space 43520K, 0% used [0x00000000fab00000,0x00000000fab00000,0x00000000fd580000)
 ParOldGen       total 699392K, used 41294K [0x00000000c0000000, 0x00000000eab00000, 0x00000000eab00000)
  object space 699392K, 5% used [0x00000000c0000000,0x00000000c2853a08,0x00000000eab00000)
 Metaspace       used 67948K, capacity 76025K, committed 76672K, reserved 1116160K
  class space    used 9289K, capacity 9774K, committed 9856K, reserved 1048576K
Event: 7.120 GC heap after
Heap after GC invocations=11 (full 5):
 PSYoungGen      total 305664K, used 0K [0x00000000eab00000, 0x0000000100000000, 0x0000000100000000)
  eden space 262144K, 0% used [0x00000000eab00000,0x00000000eab00000,0x00000000fab00000)
  from space 43520K, 0% used [0x00000000fd580000,0x00000000fd580000,0x0000000100000000)
  to   space 43520K, 0% used [0x00000000fab00000,0x00000000fab00000,0x00000000fd580000)
 ParOldGen       total 699392K, used 40905K [0x00000000c0000000, 0x00000000eab00000, 0x00000000eab00000)
  object space 699392K, 5% used [0x00000000c0000000,0x00000000c27f2520,0x00000000eab00000)
 Metaspace       used 67948K, capacity 76025K, committed 76672K, reserved 1116160K
  class space    used 9289K, capacity 9774K, committed 9856K, reserved 1048576K
}
Event: 8.055 GC heap before
{Heap before GC invocations=12 (full 5):
 PSYoungGen      total 305664K, used 262144K [0x00000000eab00000, 0x0000000100000000, 0x0000000100000000)
  eden space 262144K, 100% used [0x00000000eab00000,0x00000000fab00000,0x00000000fab00000)
  from space 43520K, 0% used [0x00000000fd580000,0x00000000fd580000,0x0000000100000000)
  to   space 43520K, 0% used [0x00000000fab00000,0x00000000fab00000,0x00000000fd580000)
 ParOldGen       total 699392K, used 40905K [0x00000000c0000000, 0x00000000eab00000, 0x00000000eab00000)
  object space 699392K, 5% used [0x00000000c0000000,0x00000000c27f2520,0x00000000eab00000)
 Metaspace       used 69844K, capacity 78845K, committed 79104K, reserved 1118208K
  class space    used 9610K, capacity 10184K, committed 10240K, reserved 1048576K
Event: 8.086 GC heap after
Heap after GC invocations=12 (full 5):
 PSYoungGen      total 305664K, used 40792K [0x00000000eab00000, 0x0000000100000000, 0x0000000100000000)
  eden space 262144K, 0% used [0x00000000eab00000,0x00000000eab00000,0x00000000fab00000)
  from space 43520K, 93% used [0x00000000fab00000,0x00000000fd2d6228,0x00000000fd580000)
  to   space 42496K, 0% used [0x00000000fd680000,0x00000000fd680000,0x0000000100000000)
 ParOldGen       total 699392K, used 40913K [0x00000000c0000000, 0x00000000eab00000, 0x00000000eab00000)
  object space 699392K, 5% used [0x00000000c0000000,0x00000000c27f4520,0x00000000eab00000)
 Metaspace       used 69844K, capacity 78845K, committed 79104K, reserved 1118208K
  class space    used 9610K, capacity 10184K, committed 10240K, reserved 1048576K
}

