2020.08.01 13:28:43 INFO  started: Metals version 0.9.2 in workspace '/home/daniel/Documents/code/scala/credit_loss' for client vscode.
2020.08.01 13:28:47 INFO  time: initialize in 3.16s
2020.08.01 13:28:48 INFO  no build target: using presentation compiler with only scala-library
2020.08.01 13:28:51 WARN  no build target for: /home/daniel/Documents/code/scala/credit_loss/src/main/scala/com/danielhstahl/creditloss/LoanLoss.scala
2020.08.01 13:30:11 INFO  skipping build import with status 'Dismissed'
2020.08.01 13:30:25 ERROR scalafmt: /home/daniel/Documents/code/scala/credit_loss/build.sbt:22: error: ) expected but string constant found
ThisBuild / description := "Credit loss distribution for a loan portfolio."
                           ^
2020.08.01 13:30:25 INFO  skipping build import with status 'Dismissed'
2020.08.01 13:30:57 WARN  code navigation does not work for the file '/home/daniel/Documents/code/scala/credit_loss/src/main/scala/com/danielhstahl/creditloss/LoanLoss.scala' because it doesn't belong to a build target.
2020.08.01 13:30:57 WARN  code navigation does not work for the file '/home/daniel/Documents/code/scala/credit_loss/src/main/scala/com/danielhstahl/creditloss/LoanLoss.scala' because it doesn't belong to a build target.
2020.08.01 13:31:12 WARN  code navigation does not work for the file '/home/daniel/Documents/code/scala/credit_loss/src/main/scala/com/danielhstahl/creditloss/LoanLoss.scala' because it doesn't belong to a build target.
2020.08.01 13:31:29 ERROR scalafmt: /home/daniel/Documents/code/scala/credit_loss/src/main/scala/com/danielhstahl/creditloss/LoanLoss.scala:31: error: ] expected but ( found
        categories[r.nextInt(categories.length)]
                            ^
2020.08.01 13:31:29 WARN  no build target for: /home/daniel/Documents/code/scala/credit_loss/src/main/scala/com/danielhstahl/creditloss/LoanLoss.scala
2020.08.01 13:31:39 WARN  code navigation does not work for the file '/home/daniel/Documents/code/scala/credit_loss/src/main/scala/com/danielhstahl/creditloss/LoanLoss.scala' because it doesn't belong to a build target.
2020.08.01 13:31:39 WARN  code navigation does not work for the file '/home/daniel/Documents/code/scala/credit_loss/src/main/scala/com/danielhstahl/creditloss/LoanLoss.scala' because it doesn't belong to a build target.
2020.08.01 13:32:28 WARN  no build target for: /home/daniel/Documents/code/scala/credit_loss/src/main/scala/com/danielhstahl/creditloss/LoanLoss.scala
2020.08.01 13:33:17 WARN  no build target for: /home/daniel/Documents/code/scala/credit_loss/src/main/scala/com/danielhstahl/creditloss/LoanLoss.scala
Aug 01, 2020 1:33:33 PM org.eclipse.lsp4j.jsonrpc.RemoteEndpoint handleCancellation
WARNING: Unmatched cancel notification for request id 404
2020.08.01 13:33:35 WARN  no build target for: /home/daniel/Documents/code/scala/credit_loss/src/main/scala/com/danielhstahl/creditloss/LoanLoss.scala
2020.08.01 13:34:05 ERROR scalafmt: /home/daniel/Documents/code/scala/credit_loss/src/main/scala/com/danielhstahl/creditloss/LoanLoss.scala:79: error: : expected but ) found
  def getLambdaFromLoan(balance:Double, r:Double, loan)
                                                      ^
2020.08.01 13:34:05 WARN  no build target for: /home/daniel/Documents/code/scala/credit_loss/src/main/scala/com/danielhstahl/creditloss/LoanLoss.scala
2020.08.01 13:34:05 WARN  code navigation does not work for the file '/home/daniel/Documents/code/scala/credit_loss/src/main/scala/com/danielhstahl/creditloss/LoanLoss.scala' because it doesn't belong to a build target.
2020.08.01 13:34:12 ERROR scalafmt: /home/daniel/Documents/code/scala/credit_loss/src/main/scala/com/danielhstahl/creditloss/LoanLoss.scala:79: error: : expected but ) found
  def getLambdaFromLoan(balance:Double, r:Double, loan)
                                                      ^
2020.08.01 13:34:12 WARN  no build target for: /home/daniel/Documents/code/scala/credit_loss/src/main/scala/com/danielhstahl/creditloss/LoanLoss.scala
2020.08.01 13:34:16 WARN  code navigation does not work for the file '/home/daniel/Documents/code/scala/credit_loss/src/main/scala/com/danielhstahl/creditloss/LoanLoss.scala' because it doesn't belong to a build target.
2020.08.01 13:34:16 ERROR scalafmt: /home/daniel/Documents/code/scala/credit_loss/src/main/scala/com/danielhstahl/creditloss/LoanLoss.scala:79: error: : expected but ) found
  def getLambdaFromLoan(balance:Double, r:Double, loan)
                                                      ^
2020.08.01 13:34:16 WARN  no build target for: /home/daniel/Documents/code/scala/credit_loss/src/main/scala/com/danielhstahl/creditloss/LoanLoss.scala
2020.08.01 13:34:27 ERROR scalafmt: /home/daniel/Documents/code/scala/credit_loss/src/main/scala/com/danielhstahl/creditloss/LoanLoss.scala:79: error: : expected but ) found
  def getLambdaFromLoan(balance:Double, r:Double, loan)
                                                      ^
2020.08.01 13:34:27 WARN  no build target for: /home/daniel/Documents/code/scala/credit_loss/src/main/scala/com/danielhstahl/creditloss/LoanLoss.scala
2020.08.01 13:34:34 WARN  no build target for: /home/daniel/Documents/code/scala/credit_loss/src/main/scala/com/danielhstahl/creditloss/LoanLoss.scala
2020.08.01 13:34:58 WARN  no build target for: /home/daniel/Documents/code/scala/credit_loss/src/main/scala/com/danielhstahl/creditloss/LoanLoss.scala
2020.08.01 13:35:49 WARN  code navigation does not work for the file '/home/daniel/Documents/code/scala/credit_loss/src/main/scala/com/danielhstahl/creditloss/LoanLoss.scala' because it doesn't belong to a build target.
2020.08.01 13:35:49 WARN  code navigation does not work for the file '/home/daniel/Documents/code/scala/credit_loss/src/main/scala/com/danielhstahl/creditloss/LoanLoss.scala' because it doesn't belong to a build target.
2020.08.01 13:35:49 WARN  code navigation does not work for the file '/home/daniel/Documents/code/scala/credit_loss/src/main/scala/com/danielhstahl/creditloss/LoanLoss.scala' because it doesn't belong to a build target.
2020.08.01 13:35:50 WARN  code navigation does not work for the file '/home/daniel/Documents/code/scala/credit_loss/src/main/scala/com/danielhstahl/creditloss/LoanLoss.scala' because it doesn't belong to a build target.
2020.08.01 13:35:50 WARN  code navigation does not work for the file '/home/daniel/Documents/code/scala/credit_loss/src/main/scala/com/danielhstahl/creditloss/LoanLoss.scala' because it doesn't belong to a build target.
2020.08.01 13:35:50 WARN  no build target for: /home/daniel/Documents/code/scala/credit_loss/src/main/scala/com/danielhstahl/creditloss/LoanLoss.scala
2020.08.01 13:36:36 WARN  no build target for: /home/daniel/Documents/code/scala/credit_loss/src/main/scala/com/danielhstahl/creditloss/LoanLoss.scala
2020.08.01 13:38:03 ERROR scalafmt: /home/daniel/Documents/code/scala/credit_loss/src/main/scala/com/danielhstahl/creditloss/LoanLoss.scala:90: error: ) expected but ( found
      portfolioElByWeight: ArrayType(DoubleType)
                                    ^
2020.08.01 13:38:03 WARN  no build target for: /home/daniel/Documents/code/scala/credit_loss/src/main/scala/com/danielhstahl/creditloss/LoanLoss.scala
2020.08.01 13:38:12 ERROR scalafmt: /home/daniel/Documents/code/scala/credit_loss/src/main/scala/com/danielhstahl/creditloss/LoanLoss.scala:90: error: ) expected but ( found
      portfolioElByWeight: ArrayType(DoubleType, true)
                                    ^
2020.08.01 13:38:12 WARN  no build target for: /home/daniel/Documents/code/scala/credit_loss/src/main/scala/com/danielhstahl/creditloss/LoanLoss.scala
something's wrong: no file:///home/daniel/Documents/code/scala/credit_loss/src/main/scala/com/danielhstahl/creditloss/LoanLoss.scala in List[<error>]RangePosition(file:///home/daniel/Documents/code/scala/credit_loss/src/main/scala/com/danielhstahl/creditloss/LoanLoss.scala, 2598, 2598, 2612)
something's wrong: no file:///home/daniel/Documents/code/scala/credit_loss/src/main/scala/com/danielhstahl/creditloss/LoanLoss.scala in List[<error>]RangePosition(file:///home/daniel/Documents/code/scala/credit_loss/src/main/scala/com/danielhstahl/creditloss/LoanLoss.scala, 2598, 2598, 2605)
something's wrong: no file:///home/daniel/Documents/code/scala/credit_loss/src/main/scala/com/danielhstahl/creditloss/LoanLoss.scala in List[<error>]RangePosition(file:///home/daniel/Documents/code/scala/credit_loss/src/main/scala/com/danielhstahl/creditloss/LoanLoss.scala, 2598, 2598, 2608)
something's wrong: no file:///home/daniel/Documents/code/scala/credit_loss/src/main/scala/com/danielhstahl/creditloss/LoanLoss.scala in List[Double]RangePosition(file:///home/daniel/Documents/code/scala/credit_loss/src/main/scala/com/danielhstahl/creditloss/LoanLoss.scala, 2598, 2598, 2610)
2020.08.01 13:38:40 WARN  no build target for: /home/daniel/Documents/code/scala/credit_loss/src/main/scala/com/danielhstahl/creditloss/LoanLoss.scala
something's wrong: no file:///home/daniel/Documents/code/scala/credit_loss/src/main/scala/com/danielhstahl/creditloss/LoanLoss.scala in List[Double]RangePosition(file:///home/daniel/Documents/code/scala/credit_loss/src/main/scala/com/danielhstahl/creditloss/LoanLoss.scala, 2598, 2598, 2610)
something's wrong: no file:///home/daniel/Documents/code/scala/credit_loss/src/main/scala/com/danielhstahl/creditloss/LoanLoss.scala in List[<error>]RangePosition(file:///home/daniel/Documents/code/scala/credit_loss/src/main/scala/com/danielhstahl/creditloss/LoanLoss.scala, 2630, 2630, 2644)
something's wrong: no file:///home/daniel/Documents/code/scala/credit_loss/src/main/scala/com/danielhstahl/creditloss/LoanLoss.scala in List[<error>]RangePosition(file:///home/daniel/Documents/code/scala/credit_loss/src/main/scala/com/danielhstahl/creditloss/LoanLoss.scala, 2630, 2630, 2637)
something's wrong: no file:///home/daniel/Documents/code/scala/credit_loss/src/main/scala/com/danielhstahl/creditloss/LoanLoss.scala in List[Double]RangePosition(file:///home/daniel/Documents/code/scala/credit_loss/src/main/scala/com/danielhstahl/creditloss/LoanLoss.scala, 2630, 2630, 2642)
something's wrong: no file:///home/daniel/Documents/code/scala/credit_loss/src/main/scala/com/danielhstahl/creditloss/LoanLoss.scala in List[Double]RangePosition(file:///home/daniel/Documents/code/scala/credit_loss/src/main/scala/com/danielhstahl/creditloss/LoanLoss.scala, 2630, 2630, 2642)
something's wrong: no file:///home/daniel/Documents/code/scala/credit_loss/src/main/scala/com/danielhstahl/creditloss/LoanLoss.scala in List[Double]RangePosition(file:///home/daniel/Documents/code/scala/credit_loss/src/main/scala/com/danielhstahl/creditloss/LoanLoss.scala, 2630, 2630, 2642)
something's wrong: no file:///home/daniel/Documents/code/scala/credit_loss/src/main/scala/com/danielhstahl/creditloss/LoanLoss.scala in List[<error>]RangePosition(file:///home/daniel/Documents/code/scala/credit_loss/src/main/scala/com/danielhstahl/creditloss/LoanLoss.scala, 2697, 2697, 2711)
something's wrong: no file:///home/daniel/Documents/code/scala/credit_loss/src/main/scala/com/danielhstahl/creditloss/LoanLoss.scala in List[<error>]RangePosition(file:///home/daniel/Documents/code/scala/credit_loss/src/main/scala/com/danielhstahl/creditloss/LoanLoss.scala, 2697, 2697, 2704)
something's wrong: no file:///home/daniel/Documents/code/scala/credit_loss/src/main/scala/com/danielhstahl/creditloss/LoanLoss.scala in List[Double]RangePosition(file:///home/daniel/Documents/code/scala/credit_loss/src/main/scala/com/danielhstahl/creditloss/LoanLoss.scala, 2697, 2697, 2709)
something's wrong: no file:///home/daniel/Documents/code/scala/credit_loss/src/main/scala/com/danielhstahl/creditloss/LoanLoss.scala in List[Double]RangePosition(file:///home/daniel/Documents/code/scala/credit_loss/src/main/scala/com/danielhstahl/creditloss/LoanLoss.scala, 2697, 2697, 2709)
something's wrong: no file:///home/daniel/Documents/code/scala/credit_loss/src/main/scala/com/danielhstahl/creditloss/LoanLoss.scala in List[Double]RangePosition(file:///home/daniel/Documents/code/scala/credit_loss/src/main/scala/com/danielhstahl/creditloss/LoanLoss.scala, 2697, 2697, 2709)
something's wrong: no file:///home/daniel/Documents/code/scala/credit_loss/src/main/scala/com/danielhstahl/creditloss/LoanLoss.scala in List[<error>]RangePosition(file:///home/daniel/Documents/code/scala/credit_loss/src/main/scala/com/danielhstahl/creditloss/LoanLoss.scala, 2735, 2735, 2749)
something's wrong: no file:///home/daniel/Documents/code/scala/credit_loss/src/main/scala/com/danielhstahl/creditloss/LoanLoss.scala in List[<error>]RangePosition(file:///home/daniel/Documents/code/scala/credit_loss/src/main/scala/com/danielhstahl/creditloss/LoanLoss.scala, 2735, 2735, 2742)
something's wrong: no file:///home/daniel/Documents/code/scala/credit_loss/src/main/scala/com/danielhstahl/creditloss/LoanLoss.scala in List[Double]RangePosition(file:///home/daniel/Documents/code/scala/credit_loss/src/main/scala/com/danielhstahl/creditloss/LoanLoss.scala, 2735, 2735, 2747)
something's wrong: no file:///home/daniel/Documents/code/scala/credit_loss/src/main/scala/com/danielhstahl/creditloss/LoanLoss.scala in List[Double]RangePosition(file:///home/daniel/Documents/code/scala/credit_loss/src/main/scala/com/danielhstahl/creditloss/LoanLoss.scala, 2735, 2735, 2747)
something's wrong: no file:///home/daniel/Documents/code/scala/credit_loss/src/main/scala/com/danielhstahl/creditloss/LoanLoss.scala in List[Double]RangePosition(file:///home/daniel/Documents/code/scala/credit_loss/src/main/scala/com/danielhstahl/creditloss/LoanLoss.scala, 2735, 2735, 2747)
2020.08.01 13:41:14 WARN  no build target for: /home/daniel/Documents/code/scala/credit_loss/src/main/scala/com/danielhstahl/creditloss/LoanLoss.scala
Aug 01, 2020 1:41:41 PM scala.meta.internal.pc.CompilerAccess handleError
SEVERE: offset 3121, count -1, length 3154
java.lang.StringIndexOutOfBoundsException: offset 3121, count -1, length 3154
	at java.base/java.lang.String.checkBoundsOffCount(String.java:3304)
	at java.base/java.lang.String.rangeCheck(String.java:280)
	at java.base/java.lang.String.<init>(String.java:276)
	at scala.tools.nsc.interactive.Global.typeCompletions$1(Global.scala:1230)
	at scala.tools.nsc.interactive.Global.completionsAt(Global.scala:1253)
	at scala.meta.internal.pc.SignatureHelpProvider.$anonfun$treeSymbol$1(SignatureHelpProvider.scala:376)
	at scala.Option.map(Option.scala:230)
	at scala.meta.internal.pc.SignatureHelpProvider.treeSymbol(SignatureHelpProvider.scala:374)
	at scala.meta.internal.pc.SignatureHelpProvider$MethodCall$.unapply(SignatureHelpProvider.scala:199)
	at scala.meta.internal.pc.SignatureHelpProvider$MethodCallTraverser.visit(SignatureHelpProvider.scala:310)
	at scala.meta.internal.pc.SignatureHelpProvider$MethodCallTraverser.traverse(SignatureHelpProvider.scala:304)
	at scala.meta.internal.pc.SignatureHelpProvider$MethodCallTraverser.fromTree(SignatureHelpProvider.scala:273)
	at scala.meta.internal.pc.SignatureHelpProvider.signatureHelp(SignatureHelpProvider.scala:27)

something's wrong: no file:///home/daniel/Documents/code/scala/credit_loss/src/main/scala/com/danielhstahl/creditloss/LoanLoss.scala in List[<error>]RangePosition(file:///home/daniel/Documents/code/scala/credit_loss/src/main/scala/com/danielhstahl/creditloss/LoanLoss.scala, 2464, 2464, 2478)
something's wrong: no file:///home/daniel/Documents/code/scala/credit_loss/src/main/scala/com/danielhstahl/creditloss/LoanLoss.scala in List[<error>]RangePosition(file:///home/daniel/Documents/code/scala/credit_loss/src/main/scala/com/danielhstahl/creditloss/LoanLoss.scala, 2464, 2464, 2471)
something's wrong: no file:///home/daniel/Documents/code/scala/credit_loss/src/main/scala/com/danielhstahl/creditloss/LoanLoss.scala in List[<error>]RangePosition(file:///home/daniel/Documents/code/scala/credit_loss/src/main/scala/com/danielhstahl/creditloss/LoanLoss.scala, 2464, 2464, 2474)
something's wrong: no file:///home/daniel/Documents/code/scala/credit_loss/src/main/scala/com/danielhstahl/creditloss/LoanLoss.scala in List[Double]RangePosition(file:///home/daniel/Documents/code/scala/credit_loss/src/main/scala/com/danielhstahl/creditloss/LoanLoss.scala, 2464, 2464, 2476)
something's wrong: no file:///home/daniel/Documents/code/scala/credit_loss/src/main/scala/com/danielhstahl/creditloss/LoanLoss.scala in List[Double]RangePosition(file:///home/daniel/Documents/code/scala/credit_loss/src/main/scala/com/danielhstahl/creditloss/LoanLoss.scala, 2464, 2464, 2476)
something's wrong: no file:///home/daniel/Documents/code/scala/credit_loss/src/main/scala/com/danielhstahl/creditloss/LoanLoss.scala in List[Double]RangePosition(file:///home/daniel/Documents/code/scala/credit_loss/src/main/scala/com/danielhstahl/creditloss/LoanLoss.scala, 2464, 2464, 2476)
2020.08.01 13:44:42 WARN  no build target for: /home/daniel/Documents/code/scala/credit_loss/src/main/scala/com/danielhstahl/creditloss/LoanLoss.scala
2020.08.01 13:45:01 WARN  no build target for: /home/daniel/Documents/code/scala/credit_loss/src/main/scala/com/danielhstahl/creditloss/LoanLoss.scala
something's wrong: no file:///home/daniel/Documents/code/scala/credit_loss/src/main/scala/com/danielhstahl/creditloss/LoanLoss.scala in List[<error>]RangePosition(file:///home/daniel/Documents/code/scala/credit_loss/src/main/scala/com/danielhstahl/creditloss/LoanLoss.scala, 2608, 2608, 2622)
something's wrong: no file:///home/daniel/Documents/code/scala/credit_loss/src/main/scala/com/danielhstahl/creditloss/LoanLoss.scala in List[<error>]RangePosition(file:///home/daniel/Documents/code/scala/credit_loss/src/main/scala/com/danielhstahl/creditloss/LoanLoss.scala, 2608, 2608, 2615)
something's wrong: no file:///home/daniel/Documents/code/scala/credit_loss/src/main/scala/com/danielhstahl/creditloss/LoanLoss.scala in List[Double]RangePosition(file:///home/daniel/Documents/code/scala/credit_loss/src/main/scala/com/danielhstahl/creditloss/LoanLoss.scala, 2608, 2608, 2620)
something's wrong: no file:///home/daniel/Documents/code/scala/credit_loss/src/main/scala/com/danielhstahl/creditloss/LoanLoss.scala in List[Double]RangePosition(file:///home/daniel/Documents/code/scala/credit_loss/src/main/scala/com/danielhstahl/creditloss/LoanLoss.scala, 2608, 2608, 2620)
something's wrong: no file:///home/daniel/Documents/code/scala/credit_loss/src/main/scala/com/danielhstahl/creditloss/LoanLoss.scala in List[Double]RangePosition(file:///home/daniel/Documents/code/scala/credit_loss/src/main/scala/com/danielhstahl/creditloss/LoanLoss.scala, 2608, 2608, 2620)
something's wrong: no file:///home/daniel/Documents/code/scala/credit_loss/src/main/scala/com/danielhstahl/creditloss/LoanLoss.scala in List[<error>]RangePosition(file:///home/daniel/Documents/code/scala/credit_loss/src/main/scala/com/danielhstahl/creditloss/LoanLoss.scala, 2640, 2640, 2654)
something's wrong: no file:///home/daniel/Documents/code/scala/credit_loss/src/main/scala/com/danielhstahl/creditloss/LoanLoss.scala in List[Double]RangePosition(file:///home/daniel/Documents/code/scala/credit_loss/src/main/scala/com/danielhstahl/creditloss/LoanLoss.scala, 2640, 2640, 2652)
something's wrong: no file:///home/daniel/Documents/code/scala/credit_loss/src/main/scala/com/danielhstahl/creditloss/LoanLoss.scala in List[Double]RangePosition(file:///home/daniel/Documents/code/scala/credit_loss/src/main/scala/com/danielhstahl/creditloss/LoanLoss.scala, 2640, 2640, 2652)
something's wrong: no file:///home/daniel/Documents/code/scala/credit_loss/src/main/scala/com/danielhstahl/creditloss/LoanLoss.scala in List[Double]RangePosition(file:///home/daniel/Documents/code/scala/credit_loss/src/main/scala/com/danielhstahl/creditloss/LoanLoss.scala, 2640, 2640, 2652)
something's wrong: no file:///home/daniel/Documents/code/scala/credit_loss/src/main/scala/com/danielhstahl/creditloss/LoanLoss.scala in List[<error>]RangePosition(file:///home/daniel/Documents/code/scala/credit_loss/src/main/scala/com/danielhstahl/creditloss/LoanLoss.scala, 2679, 2679, 2693)
something's wrong: no file:///home/daniel/Documents/code/scala/credit_loss/src/main/scala/com/danielhstahl/creditloss/LoanLoss.scala in List[<error>]RangePosition(file:///home/daniel/Documents/code/scala/credit_loss/src/main/scala/com/danielhstahl/creditloss/LoanLoss.scala, 2679, 2679, 2686)
something's wrong: no file:///home/daniel/Documents/code/scala/credit_loss/src/main/scala/com/danielhstahl/creditloss/LoanLoss.scala in List[Double]RangePosition(file:///home/daniel/Documents/code/scala/credit_loss/src/main/scala/com/danielhstahl/creditloss/LoanLoss.scala, 2679, 2679, 2691)
something's wrong: no file:///home/daniel/Documents/code/scala/credit_loss/src/main/scala/com/danielhstahl/creditloss/LoanLoss.scala in List[<error>]RangePosition(file:///home/daniel/Documents/code/scala/credit_loss/src/main/scala/com/danielhstahl/creditloss/LoanLoss.scala, 2679, 2679, 3541)
something's wrong: no file:///home/daniel/Documents/code/scala/credit_loss/src/main/scala/com/danielhstahl/creditloss/LoanLoss.scala in List[Double]RangePosition(file:///home/daniel/Documents/code/scala/credit_loss/src/main/scala/com/danielhstahl/creditloss/LoanLoss.scala, 2679, 2679, 2691)
something's wrong: no file:///home/daniel/Documents/code/scala/credit_loss/src/main/scala/com/danielhstahl/creditloss/LoanLoss.scala in List[Double]RangePosition(file:///home/daniel/Documents/code/scala/credit_loss/src/main/scala/com/danielhstahl/creditloss/LoanLoss.scala, 2679, 2679, 2691)
something's wrong: no file:///home/daniel/Documents/code/scala/credit_loss/src/main/scala/com/danielhstahl/creditloss/LoanLoss.scala in List[Double]RangePosition(file:///home/daniel/Documents/code/scala/credit_loss/src/main/scala/com/danielhstahl/creditloss/LoanLoss.scala, 2679, 2679, 2691)
something's wrong: no file:///home/daniel/Documents/code/scala/credit_loss/src/main/scala/com/danielhstahl/creditloss/LoanLoss.scala in List[<error>]RangePosition(file:///home/daniel/Documents/code/scala/credit_loss/src/main/scala/com/danielhstahl/creditloss/LoanLoss.scala, 2717, 2717, 2731)
something's wrong: no file:///home/daniel/Documents/code/scala/credit_loss/src/main/scala/com/danielhstahl/creditloss/LoanLoss.scala in List[<error>]RangePosition(file:///home/daniel/Documents/code/scala/credit_loss/src/main/scala/com/danielhstahl/creditloss/LoanLoss.scala, 2717, 2717, 2724)
something's wrong: no file:///home/daniel/Documents/code/scala/credit_loss/src/main/scala/com/danielhstahl/creditloss/LoanLoss.scala in List[Double]RangePosition(file:///home/daniel/Documents/code/scala/credit_loss/src/main/scala/com/danielhstahl/creditloss/LoanLoss.scala, 2717, 2717, 2729)
something's wrong: no file:///home/daniel/Documents/code/scala/credit_loss/src/main/scala/com/danielhstahl/creditloss/LoanLoss.scala in List[<error>]RangePosition(file:///home/daniel/Documents/code/scala/credit_loss/src/main/scala/com/danielhstahl/creditloss/LoanLoss.scala, 2717, 2717, 3579)
something's wrong: no file:///home/daniel/Documents/code/scala/credit_loss/src/main/scala/com/danielhstahl/creditloss/LoanLoss.scala in List[Double]RangePosition(file:///home/daniel/Documents/code/scala/credit_loss/src/main/scala/com/danielhstahl/creditloss/LoanLoss.scala, 2717, 2717, 2729)
something's wrong: no file:///home/daniel/Documents/code/scala/credit_loss/src/main/scala/com/danielhstahl/creditloss/LoanLoss.scala in List[Double]RangePosition(file:///home/daniel/Documents/code/scala/credit_loss/src/main/scala/com/danielhstahl/creditloss/LoanLoss.scala, 2717, 2717, 2729)
something's wrong: no file:///home/daniel/Documents/code/scala/credit_loss/src/main/scala/com/danielhstahl/creditloss/LoanLoss.scala in List[Double]RangePosition(file:///home/daniel/Documents/code/scala/credit_loss/src/main/scala/com/danielhstahl/creditloss/LoanLoss.scala, 2717, 2717, 2729)
Aug 01, 2020 1:46:56 PM scala.meta.internal.pc.CompletionProvider expected$1
WARNING: offset 2789, count -1, length 3649
2020.08.01 13:47:19 ERROR scalafmt: /home/daniel/Documents/code/scala/credit_loss/src/main/scala/com/danielhstahl/creditloss/LoanLoss.scala:95: error: identifier expected but } found
  }
  ^
2020.08.01 13:47:19 WARN  no build target for: /home/daniel/Documents/code/scala/credit_loss/src/main/scala/com/danielhstahl/creditloss/LoanLoss.scala
Aug 01, 2020 1:48:24 PM scala.meta.internal.pc.CompletionProvider expected$1
WARNING: offset 2890, count -1, length 3750
2020.08.01 13:48:29 WARN  no build target for: /home/daniel/Documents/code/scala/credit_loss/src/main/scala/com/danielhstahl/creditloss/LoanLoss.scala
2020.08.01 13:48:34 WARN  no build target for: /home/daniel/Documents/code/scala/credit_loss/src/main/scala/com/danielhstahl/creditloss/LoanLoss.scala
2020.08.01 13:49:08 WARN  no build target for: /home/daniel/Documents/code/scala/credit_loss/src/main/scala/com/danielhstahl/creditloss/LoanLoss.scala
2020.08.01 13:49:12 WARN  code navigation does not work for the file '/home/daniel/Documents/code/scala/credit_loss/src/main/scala/com/danielhstahl/creditloss/LoanLoss.scala' because it doesn't belong to a build target.
2020.08.01 13:49:12 WARN  code navigation does not work for the file '/home/daniel/Documents/code/scala/credit_loss/src/main/scala/com/danielhstahl/creditloss/LoanLoss.scala' because it doesn't belong to a build target.
2020.08.01 13:49:13 WARN  code navigation does not work for the file '/home/daniel/Documents/code/scala/credit_loss/src/main/scala/com/danielhstahl/creditloss/LoanLoss.scala' because it doesn't belong to a build target.
2020.08.01 13:49:13 WARN  code navigation does not work for the file '/home/daniel/Documents/code/scala/credit_loss/src/main/scala/com/danielhstahl/creditloss/LoanLoss.scala' because it doesn't belong to a build target.
2020.08.01 13:49:13 WARN  code navigation does not work for the file '/home/daniel/Documents/code/scala/credit_loss/src/main/scala/com/danielhstahl/creditloss/LoanLoss.scala' because it doesn't belong to a build target.
2020.08.01 13:49:13 WARN  code navigation does not work for the file '/home/daniel/Documents/code/scala/credit_loss/src/main/scala/com/danielhstahl/creditloss/LoanLoss.scala' because it doesn't belong to a build target.
2020.08.01 13:49:18 WARN  no build target for: /home/daniel/Documents/code/scala/credit_loss/src/main/scala/com/danielhstahl/creditloss/LoanLoss.scala
2020.08.01 13:50:36 WARN  no build target for: /home/daniel/Documents/code/scala/credit_loss/src/main/scala/com/danielhstahl/creditloss/LoanLoss.scala
2020.08.01 13:51:38 WARN  code navigation does not work for the file '/home/daniel/Documents/code/scala/credit_loss/src/main/scala/com/danielhstahl/creditloss/LoanLoss.scala' because it doesn't belong to a build target.
2020.08.01 13:51:38 WARN  no build target for: /home/daniel/Documents/code/scala/credit_loss/src/main/scala/com/danielhstahl/creditloss/LoanLoss.scala
2020.08.01 13:51:42 WARN  code navigation does not work for the file '/home/daniel/Documents/code/scala/credit_loss/src/main/scala/com/danielhstahl/creditloss/LoanLoss.scala' because it doesn't belong to a build target.
2020.08.01 13:51:43 WARN  code navigation does not work for the file '/home/daniel/Documents/code/scala/credit_loss/src/main/scala/com/danielhstahl/creditloss/LoanLoss.scala' because it doesn't belong to a build target.
2020.08.01 13:51:43 WARN  code navigation does not work for the file '/home/daniel/Documents/code/scala/credit_loss/src/main/scala/com/danielhstahl/creditloss/LoanLoss.scala' because it doesn't belong to a build target.
2020.08.01 13:51:43 WARN  code navigation does not work for the file '/home/daniel/Documents/code/scala/credit_loss/src/main/scala/com/danielhstahl/creditloss/LoanLoss.scala' because it doesn't belong to a build target.
2020.08.01 13:51:44 WARN  code navigation does not work for the file '/home/daniel/Documents/code/scala/credit_loss/src/main/scala/com/danielhstahl/creditloss/LoanLoss.scala' because it doesn't belong to a build target.
2020.08.01 13:51:44 WARN  code navigation does not work for the file '/home/daniel/Documents/code/scala/credit_loss/src/main/scala/com/danielhstahl/creditloss/LoanLoss.scala' because it doesn't belong to a build target.
2020.08.01 13:51:44 WARN  code navigation does not work for the file '/home/daniel/Documents/code/scala/credit_loss/src/main/scala/com/danielhstahl/creditloss/LoanLoss.scala' because it doesn't belong to a build target.
2020.08.01 13:51:58 WARN  no build target for: /home/daniel/Documents/code/scala/credit_loss/src/main/scala/com/danielhstahl/creditloss/LoanLoss.scala
2020.08.01 13:53:07 WARN  no build target for: /home/daniel/Documents/code/scala/credit_loss/src/main/scala/com/danielhstahl/creditloss/LoanLoss.scala
2020.08.01 13:53:40 WARN  no build target for: /home/daniel/Documents/code/scala/credit_loss/src/main/scala/com/danielhstahl/creditloss/LoanLoss.scala
2020.08.01 13:54:45 WARN  no build target for: /home/daniel/Documents/code/scala/credit_loss/src/main/scala/com/danielhstahl/creditloss/LoanLoss.scala
something's wrong: no file:///home/daniel/Documents/code/scala/credit_loss/src/main/scala/com/danielhstahl/creditloss/LoanLoss.scala in List[Double]RangePosition(file:///home/daniel/Documents/code/scala/credit_loss/src/main/scala/com/danielhstahl/creditloss/LoanLoss.scala, 3485, 3485, 3497)
2020.08.01 13:55:49 WARN  no build target for: /home/daniel/Documents/code/scala/credit_loss/src/main/scala/com/danielhstahl/creditloss/LoanLoss.scala
2020.08.01 13:56:07 WARN  code navigation does not work for the file '/home/daniel/Documents/code/scala/credit_loss/src/main/scala/com/danielhstahl/creditloss/LoanLoss.scala' because it doesn't belong to a build target.
2020.08.01 13:56:09 WARN  code navigation does not work for the file '/home/daniel/Documents/code/scala/credit_loss/src/main/scala/com/danielhstahl/creditloss/LoanLoss.scala' because it doesn't belong to a build target.
2020.08.01 13:56:09 WARN  code navigation does not work for the file '/home/daniel/Documents/code/scala/credit_loss/src/main/scala/com/danielhstahl/creditloss/LoanLoss.scala' because it doesn't belong to a build target.
2020.08.01 13:57:23 WARN  no build target for: /home/daniel/Documents/code/scala/credit_loss/src/main/scala/com/danielhstahl/creditloss/LoanLoss.scala
2020.08.01 13:58:03 WARN  no build target for: /home/daniel/Documents/code/scala/credit_loss/src/main/scala/com/danielhstahl/creditloss/LoanLoss.scala
2020.08.01 13:58:19 WARN  no build target for: /home/daniel/Documents/code/scala/credit_loss/src/main/scala/com/danielhstahl/creditloss/LoanLoss.scala
2020.08.01 13:59:55 WARN  no build target for: /home/daniel/Documents/code/scala/credit_loss/src/main/scala/com/danielhstahl/creditloss/LoanLoss.scala
2020.08.01 14:01:02 ERROR scalafmt: /home/daniel/Documents/code/scala/credit_loss/src/main/scala/com/danielhstahl/creditloss/LoanLoss.scala:144: error: illegal start of simple expression
    val portfolioStandardDeviation=portfolioVarianceWithLiquidity(lambda, q, portfolioExpectation, portfolioVariance = )
                                                                                                                       ^
2020.08.01 14:01:02 WARN  no build target for: /home/daniel/Documents/code/scala/credit_loss/src/main/scala/com/danielhstahl/creditloss/LoanLoss.scala
2020.08.01 14:01:03 WARN  no build target for: /home/daniel/Documents/code/scala/credit_loss/src/main/scala/com/danielhstahl/creditloss/LoanLoss.scala
2020.08.01 14:01:10 WARN  code navigation does not work for the file '/home/daniel/Documents/code/scala/credit_loss/src/main/scala/com/danielhstahl/creditloss/LoanLoss.scala' because it doesn't belong to a build target.
2020.08.01 14:01:10 WARN  code navigation does not work for the file '/home/daniel/Documents/code/scala/credit_loss/src/main/scala/com/danielhstahl/creditloss/LoanLoss.scala' because it doesn't belong to a build target.
2020.08.01 14:01:10 WARN  code navigation does not work for the file '/home/daniel/Documents/code/scala/credit_loss/src/main/scala/com/danielhstahl/creditloss/LoanLoss.scala' because it doesn't belong to a build target.
2020.08.01 14:01:10 WARN  no build target for: /home/daniel/Documents/code/scala/credit_loss/src/main/scala/com/danielhstahl/creditloss/LoanLoss.scala
2020.08.01 14:01:12 WARN  code navigation does not work for the file '/home/daniel/Documents/code/scala/credit_loss/src/main/scala/com/danielhstahl/creditloss/LoanLoss.scala' because it doesn't belong to a build target.
2020.08.01 14:01:14 WARN  no build target for: /home/daniel/Documents/code/scala/credit_loss/src/main/scala/com/danielhstahl/creditloss/LoanLoss.scala
2020.08.01 14:01:15 WARN  code navigation does not work for the file '/home/daniel/Documents/code/scala/credit_loss/src/main/scala/com/danielhstahl/creditloss/LoanLoss.scala' because it doesn't belong to a build target.
2020.08.01 14:01:18 WARN  code navigation does not work for the file '/home/daniel/Documents/code/scala/credit_loss/src/main/scala/com/danielhstahl/creditloss/LoanLoss.scala' because it doesn't belong to a build target.
2020.08.01 14:01:18 WARN  code navigation does not work for the file '/home/daniel/Documents/code/scala/credit_loss/src/main/scala/com/danielhstahl/creditloss/LoanLoss.scala' because it doesn't belong to a build target.
2020.08.01 14:01:18 WARN  no build target for: /home/daniel/Documents/code/scala/credit_loss/src/main/scala/com/danielhstahl/creditloss/LoanLoss.scala
2020.08.01 14:05:09 ERROR scalafmt: /home/daniel/Documents/code/scala/credit_loss/build.sbt:24: error: ) expected but string constant found
ThisBuild / description := "Credit loss distribution for a loan portfolio."
                           ^
2020.08.01 14:05:12 INFO  running '/usr/lib/jvm/java-11-openjdk-amd64/bin/java -Djline.terminal=jline.UnsupportedTerminal -Dsbt.log.noformat=true -Dfile.encoding=UTF-8 -jar /tmp/metals646548248517019518/sbt-launch.jar -Dbloop.export-jar-classifiers=sources bloopInstall'
2020.08.01 14:05:12 INFO  skipping build import with status 'Dismissed'
2020.08.01 14:05:13 ERROR [info] [launcher] getting org.scala-sbt sbt 1.2.7  (this may take some time)...
2020.08.01 14:05:38 ERROR downloading https://repo1.maven.org/maven2/org/scala-sbt/sbt/1.2.7/sbt-1.2.7.jar ...
2020.08.01 14:05:38 ERROR downloading https://repo1.maven.org/maven2/org/scala-lang/scala-library/2.12.7/scala-library-2.12.7.jar ...
2020.08.01 14:05:38 ERROR downloading https://repo1.maven.org/maven2/org/scala-sbt/main_2.12/1.2.7/main_2.12-1.2.7.jar ...
2020.08.01 14:05:38 ERROR downloading https://repo1.maven.org/maven2/org/scala-sbt/logic_2.12/1.2.7/logic_2.12-1.2.7.jar ...
2020.08.01 14:05:38 ERROR downloading https://repo1.maven.org/maven2/org/scala-sbt/actions_2.12/1.2.7/actions_2.12-1.2.7.jar ...
2020.08.01 14:05:38 ERROR downloading https://repo1.maven.org/maven2/org/scala-sbt/main-settings_2.12/1.2.7/main-settings_2.12-1.2.7.jar ...
2020.08.01 14:05:38 ERROR downloading https://repo1.maven.org/maven2/org/scala-sbt/command_2.12/1.2.7/command_2.12-1.2.7.jar ...
2020.08.01 14:05:38 ERROR downloading https://repo1.maven.org/maven2/org/scala-sbt/run_2.12/1.2.7/run_2.12-1.2.7.jar ...
2020.08.01 14:05:38 ERROR :: loading settings :: url = jar:file:/tmp/metals646548248517019518/sbt-launch.jar!/org/apache/ivy/core/settings/ivysettings.xml
2020.08.01 14:05:38 ERROR :: loading settings :: url = jar:file:/tmp/metals646548248517019518/sbt-launch.jar!/org/apache/ivy/core/settings/ivysettings.xml
2020.08.01 14:05:38 ERROR :: loading settings :: url = jar:file:/tmp/metals646548248517019518/sbt-launch.jar!/org/apache/ivy/core/settings/ivysettings.xml
2020.08.01 14:05:38 ERROR :: loading settings :: url = jar:file:/tmp/metals646548248517019518/sbt-launch.jar!/org/apache/ivy/core/settings/ivysettings.xml
2020.08.01 14:05:38 ERROR :: loading settings :: url = jar:file:/tmp/metals646548248517019518/sbt-launch.jar!/org/apache/ivy/core/settings/ivysettings.xml
2020.08.01 14:05:38 ERROR :: loading settings :: url = jar:file:/tmp/metals646548248517019518/sbt-launch.jar!/org/apache/ivy/core/settings/ivysettings.xml
2020.08.01 14:05:38 ERROR :: loading settings :: url = jar:file:/tmp/metals646548248517019518/sbt-launch.jar!/org/apache/ivy/core/settings/ivysettings.xml
2020.08.01 14:05:38 ERROR :: loading settings :: url = jar:file:/tmp/metals646548248517019518/sbt-launch.jar!/org/apache/ivy/core/settings/ivysettings.xml
2020.08.01 14:05:38 ERROR 	[SUCCESSFUL ] org.scala-sbt#logic_2.12;1.2.7!logic_2.12.jar (480ms)
2020.08.01 14:05:38 ERROR downloading https://repo1.maven.org/maven2/org/scala-sbt/collections_2.12/1.2.7/collections_2.12-1.2.7.jar ...
2020.08.01 14:05:38 ERROR 	[SUCCESSFUL ] org.scala-sbt#sbt;1.2.7!sbt.jar (547ms)
2020.08.01 14:05:38 ERROR downloading https://repo1.maven.org/maven2/org/scala-sbt/scripted-sbt-redux_2.12/1.2.7/scripted-sbt-redux_2.12-1.2.7.jar ...
2020.08.01 14:05:38 ERROR 	[SUCCESSFUL ] org.scala-sbt#run_2.12;1.2.7!run_2.12.jar (528ms)
2020.08.01 14:05:38 ERROR downloading https://repo1.maven.org/maven2/org/scala-sbt/scripted-plugin_2.12/1.2.7/scripted-plugin_2.12-1.2.7.jar ...
2020.08.01 14:05:38 ERROR 	[SUCCESSFUL ] org.scala-sbt#command_2.12;1.2.7!command_2.12.jar (682ms)
2020.08.01 14:05:38 ERROR 	[SUCCESSFUL ] org.scala-sbt#main-settings_2.12;1.2.7!main-settings_2.12.jar (690ms)
2020.08.01 14:05:38 ERROR downloading https://repo1.maven.org/maven2/org/scala-sbt/launcher-interface/1.0.4/launcher-interface-1.0.4.jar ...
2020.08.01 14:05:38 ERROR downloading https://repo1.maven.org/maven2/org/apache/logging/log4j/log4j-api/2.11.1/log4j-api-2.11.1.jar ...
2020.08.01 14:05:38 ERROR 	[SUCCESSFUL ] org.scala-sbt#actions_2.12;1.2.7!actions_2.12.jar (703ms)
2020.08.01 14:05:38 ERROR downloading https://repo1.maven.org/maven2/org/apache/logging/log4j/log4j-core/2.11.1/log4j-core-2.11.1.jar ...
2020.08.01 14:05:38 ERROR 	[SUCCESSFUL ] org.scala-sbt#scripted-plugin_2.12;1.2.7!scripted-plugin_2.12.jar (325ms)
2020.08.01 14:05:38 ERROR downloading https://repo1.maven.org/maven2/org/apache/logging/log4j/log4j-slf4j-impl/2.11.1/log4j-slf4j-impl-2.11.1.jar ...
2020.08.01 14:05:38 ERROR 	[SUCCESSFUL ] org.scala-sbt#scripted-sbt-redux_2.12;1.2.7!scripted-sbt-redux_2.12.jar (349ms)
2020.08.01 14:05:38 ERROR downloading https://repo1.maven.org/maven2/org/scala-sbt/io_2.12/1.2.2/io_2.12-1.2.2.jar ...
2020.08.01 14:05:39 ERROR 	[SUCCESSFUL ] org.scala-sbt#collections_2.12;1.2.7!collections_2.12.jar (591ms)
2020.08.01 14:05:39 ERROR downloading https://repo1.maven.org/maven2/org/scala-sbt/util-logging_2.12/1.2.4/util-logging_2.12-1.2.4.jar ...
2020.08.01 14:05:39 ERROR 	[SUCCESSFUL ] org.scala-sbt#launcher-interface;1.0.4!launcher-interface.jar (493ms)
2020.08.01 14:05:39 ERROR downloading https://repo1.maven.org/maven2/org/scala-sbt/librarymanagement-core_2.12/1.2.3/librarymanagement-core_2.12-1.2.3.jar ...
2020.08.01 14:05:39 ERROR 	[SUCCESSFUL ] org.apache.logging.log4j#log4j-slf4j-impl;2.11.1!log4j-slf4j-impl.jar (551ms)
2020.08.01 14:05:39 ERROR 	[SUCCESSFUL ] org.apache.logging.log4j#log4j-api;2.11.1!log4j-api.jar (722ms)
2020.08.01 14:05:39 ERROR downloading https://repo1.maven.org/maven2/org/scala-sbt/compiler-interface/1.2.5/compiler-interface-1.2.5.jar ...
2020.08.01 14:05:39 ERROR downloading https://repo1.maven.org/maven2/org/scala-sbt/librarymanagement-ivy_2.12/1.2.3/librarymanagement-ivy_2.12-1.2.3.jar ...
2020.08.01 14:05:39 ERROR 	[SUCCESSFUL ] org.scala-sbt#io_2.12;1.2.2!io_2.12.jar (610ms)
2020.08.01 14:05:39 ERROR downloading https://repo1.maven.org/maven2/org/scala-sbt/zinc-compile_2.12/1.2.5/zinc-compile_2.12-1.2.5.jar ...
2020.08.01 14:05:39 ERROR 	[SUCCESSFUL ] org.apache.logging.log4j#log4j-core;2.11.1!log4j-core.jar (835ms)
2020.08.01 14:05:39 ERROR downloading https://repo1.maven.org/maven2/org/scala-sbt/util-relation_2.12/1.2.4/util-relation_2.12-1.2.4.jar ...
2020.08.01 14:05:39 ERROR 	[SUCCESSFUL ] org.scala-sbt#util-logging_2.12;1.2.4!util-logging_2.12.jar (488ms)
2020.08.01 14:05:39 ERROR downloading https://repo1.maven.org/maven2/com/eed3si9n/sjson-new-scalajson_2.12/0.8.2/sjson-new-scalajson_2.12-0.8.2.jar ...
2020.08.01 14:05:39 ERROR 	[SUCCESSFUL ] org.scala-sbt#compiler-interface;1.2.5!compiler-interface.jar (457ms)
2020.08.01 14:05:39 ERROR downloading https://repo1.maven.org/maven2/org/scala-sbt/util-position_2.12/1.2.4/util-position_2.12-1.2.4.jar ...
2020.08.01 14:05:39 ERROR 	[SUCCESSFUL ] com.eed3si9n#sjson-new-scalajson_2.12;0.8.2!sjson-new-scalajson_2.12.jar (351ms)
2020.08.01 14:05:39 ERROR 	[SUCCESSFUL ] org.scala-sbt#util-relation_2.12;1.2.4!util-relation_2.12.jar (376ms)
2020.08.01 14:05:39 ERROR downloading https://repo1.maven.org/maven2/com/eed3si9n/sjson-new-core_2.12/0.8.2/sjson-new-core_2.12-0.8.2.jar ...
2020.08.01 14:05:39 ERROR 	[SUCCESSFUL ] org.scala-sbt#zinc-compile_2.12;1.2.5!zinc-compile_2.12.jar (434ms)
2020.08.01 14:05:39 ERROR downloading https://repo1.maven.org/maven2/org/scala-sbt/completion_2.12/1.2.7/completion_2.12-1.2.7.jar ...
2020.08.01 14:05:39 ERROR downloading https://repo1.maven.org/maven2/org/scala-lang/scala-reflect/2.12.7/scala-reflect-2.12.7.jar ...
2020.08.01 14:05:39 ERROR 	[SUCCESSFUL ] org.scala-sbt#librarymanagement-core_2.12;1.2.3!librarymanagement-core_2.12.jar (794ms)
2020.08.01 14:05:39 ERROR 	[SUCCESSFUL ] org.scala-sbt#librarymanagement-ivy_2.12;1.2.3!librarymanagement-ivy_2.12.jar (566ms)
2020.08.01 14:05:39 ERROR downloading https://repo1.maven.org/maven2/org/scala-sbt/task-system_2.12/1.2.7/task-system_2.12-1.2.7.jar ...
2020.08.01 14:05:39 ERROR downloading https://repo1.maven.org/maven2/org/scala-sbt/tasks_2.12/1.2.7/tasks_2.12-1.2.7.jar ...
2020.08.01 14:05:39 ERROR 	[SUCCESSFUL ] org.scala-sbt#main_2.12;1.2.7!main_2.12.jar (2001ms)
2020.08.01 14:05:39 ERROR downloading https://repo1.maven.org/maven2/org/scala-sbt/testing_2.12/1.2.7/testing_2.12-1.2.7.jar ...
2020.08.01 14:05:40 ERROR 	[SUCCESSFUL ] org.scala-lang#scala-library;2.12.7!scala-library.jar (2103ms)
2020.08.01 14:05:40 ERROR downloading https://repo1.maven.org/maven2/org/scala-sbt/util-tracking_2.12/1.2.4/util-tracking_2.12-1.2.4.jar ...
2020.08.01 14:05:40 ERROR 	[SUCCESSFUL ] org.scala-sbt#util-position_2.12;1.2.4!util-position_2.12.jar (385ms)
2020.08.01 14:05:40 ERROR downloading https://repo1.maven.org/maven2/org/scala-sbt/zinc-classpath_2.12/1.2.5/zinc-classpath_2.12-1.2.5.jar ...
2020.08.01 14:05:40 ERROR 	[SUCCESSFUL ] org.scala-sbt#tasks_2.12;1.2.7!tasks_2.12.jar (485ms)
2020.08.01 14:05:40 ERROR 	[SUCCESSFUL ] org.scala-sbt#testing_2.12;1.2.7!testing_2.12.jar (479ms)
2020.08.01 14:05:40 ERROR downloading https://repo1.maven.org/maven2/org/scala-sbt/zinc-apiinfo_2.12/1.2.5/zinc-apiinfo_2.12-1.2.5.jar ...
2020.08.01 14:05:40 ERROR downloading https://repo1.maven.org/maven2/org/scala-sbt/zinc-ivy-integration_2.12/1.2.5/zinc-ivy-integration_2.12-1.2.5.jar ...
2020.08.01 14:05:40 ERROR 	[SUCCESSFUL ] org.scala-sbt#task-system_2.12;1.2.7!task-system_2.12.jar (499ms)
2020.08.01 14:05:40 ERROR downloading https://repo1.maven.org/maven2/org/scala-sbt/zinc_2.12/1.2.5/zinc_2.12-1.2.5.jar ...
2020.08.01 14:05:40 ERROR 	[SUCCESSFUL ] com.eed3si9n#sjson-new-core_2.12;0.8.2!sjson-new-core_2.12.jar (567ms)
2020.08.01 14:05:40 ERROR downloading https://repo1.maven.org/maven2/org/scala-sbt/util-control_2.12/1.2.4/util-control_2.12-1.2.4.jar ...
2020.08.01 14:05:40 ERROR 	[SUCCESSFUL ] org.scala-sbt#completion_2.12;1.2.7!completion_2.12.jar (602ms)
2020.08.01 14:05:40 ERROR 	[SUCCESSFUL ] org.scala-sbt#util-tracking_2.12;1.2.4!util-tracking_2.12.jar (452ms)
2020.08.01 14:05:40 ERROR downloading https://repo1.maven.org/maven2/com/swoval/apple-file-events/1.3.2/apple-file-events-1.3.2.jar ...
2020.08.01 14:05:40 ERROR downloading https://repo1.maven.org/maven2/net/java/dev/jna/jna/4.5.0/jna-4.5.0.jar ...
2020.08.01 14:05:40 ERROR 	[SUCCESSFUL ] org.scala-sbt#zinc-classpath_2.12;1.2.5!zinc-classpath_2.12.jar (340ms)
2020.08.01 14:05:40 ERROR downloading https://repo1.maven.org/maven2/net/java/dev/jna/jna-platform/4.5.0/jna-platform-4.5.0.jar ...
2020.08.01 14:05:40 ERROR 	[SUCCESSFUL ] org.scala-sbt#zinc-ivy-integration_2.12;1.2.5!zinc-ivy-integration_2.12.jar (297ms)
2020.08.01 14:05:40 ERROR 	[SUCCESSFUL ] org.scala-sbt#util-control_2.12;1.2.4!util-control_2.12.jar (280ms)
2020.08.01 14:05:40 ERROR downloading https://repo1.maven.org/maven2/org/scala-sbt/util-interface/1.2.4/util-interface-1.2.4.jar ...
2020.08.01 14:05:40 ERROR downloading https://repo1.maven.org/maven2/org/scala-sbt/util-cache_2.12/1.2.4/util-cache_2.12-1.2.4.jar ...
2020.08.01 14:05:40 ERROR 	[SUCCESSFUL ] org.scala-lang#scala-reflect;2.12.7!scala-reflect.jar (853ms)
2020.08.01 14:05:40 ERROR downloading https://repo1.maven.org/maven2/com/eed3si9n/sjson-new-murmurhash_2.12/0.8.2/sjson-new-murmurhash_2.12-0.8.2.jar ...
2020.08.01 14:05:40 ERROR 	[SUCCESSFUL ] org.scala-sbt#zinc_2.12;1.2.5!zinc_2.12.jar (317ms)
2020.08.01 14:05:40 ERROR downloading https://repo1.maven.org/maven2/org/scala-sbt/test-agent/1.2.7/test-agent-1.2.7.jar ...
2020.08.01 14:05:40 ERROR 	[SUCCESSFUL ] com.swoval#apple-file-events;1.3.2!apple-file-events.jar (277ms)
2020.08.01 14:05:40 ERROR 	[SUCCESSFUL ] org.scala-sbt#zinc-apiinfo_2.12;1.2.5!zinc-apiinfo_2.12.jar (347ms)
2020.08.01 14:05:40 ERROR downloading https://repo1.maven.org/maven2/org/scala-sbt/compiler-bridge_2.12/1.2.5/compiler-bridge_2.12-1.2.5.jar ...
2020.08.01 14:05:40 ERROR downloading https://repo1.maven.org/maven2/org/scala-sbt/zinc-classfile_2.12/1.2.5/zinc-classfile_2.12-1.2.5.jar ...
2020.08.01 14:05:40 ERROR 	[SUCCESSFUL ] org.scala-sbt#util-interface;1.2.4!util-interface.jar (258ms)
2020.08.01 14:05:40 ERROR downloading https://repo1.maven.org/maven2/org/scala-lang/scala-compiler/2.12.7/scala-compiler-2.12.7.jar ...
2020.08.01 14:05:40 ERROR 	[SUCCESSFUL ] org.scala-sbt#test-agent;1.2.7!test-agent.jar (243ms)
2020.08.01 14:05:40 ERROR downloading https://repo1.maven.org/maven2/com/eed3si9n/gigahorse-okhttp_2.12/0.3.0/gigahorse-okhttp_2.12-0.3.0.jar ...
2020.08.01 14:05:40 ERROR 	[SUCCESSFUL ] com.eed3si9n#sjson-new-murmurhash_2.12;0.8.2!sjson-new-murmurhash_2.12.jar (264ms)
2020.08.01 14:05:40 ERROR 	[SUCCESSFUL ] org.scala-sbt#zinc-classfile_2.12;1.2.5!zinc-classfile_2.12.jar (237ms)
2020.08.01 14:05:40 ERROR downloading https://repo1.maven.org/maven2/com/eed3si9n/gigahorse-core_2.12/0.3.0/gigahorse-core_2.12-0.3.0.jar ...
2020.08.01 14:05:40 ERROR downloading https://repo1.maven.org/maven2/com/squareup/okhttp3/okhttp/3.7.0/okhttp-3.7.0.jar ...
2020.08.01 14:05:41 ERROR 	[SUCCESSFUL ] net.java.dev.jna#jna;4.5.0!jna.jar (580ms)
2020.08.01 14:05:41 ERROR 	[SUCCESSFUL ] org.scala-sbt#util-cache_2.12;1.2.4!util-cache_2.12.jar (351ms)
2020.08.01 14:05:41 ERROR downloading https://repo1.maven.org/maven2/com/typesafe/ssl-config-core_2.12/0.2.2/ssl-config-core_2.12-0.2.2.jar ...
2020.08.01 14:05:41 ERROR downloading https://repo1.maven.org/maven2/org/reactivestreams/reactive-streams/1.0.0/reactive-streams-1.0.0.jar ...
2020.08.01 14:05:41 ERROR 	[SUCCESSFUL ] org.scala-sbt#compiler-bridge_2.12;1.2.5!compiler-bridge_2.12.jar (372ms)
2020.08.01 14:05:41 ERROR downloading https://repo1.maven.org/maven2/org/slf4j/slf4j-api/1.7.25/slf4j-api-1.7.25.jar ...
2020.08.01 14:05:41 ERROR 	[SUCCESSFUL ] com.eed3si9n#gigahorse-okhttp_2.12;0.3.0!gigahorse-okhttp_2.12.jar (608ms)
2020.08.01 14:05:41 ERROR downloading https://repo1.maven.org/maven2/com/typesafe/config/1.2.0/config-1.2.0.jar ...
2020.08.01 14:05:41 ERROR 	[SUCCESSFUL ] com.eed3si9n#gigahorse-core_2.12;0.3.0!gigahorse-core_2.12.jar (678ms)
2020.08.01 14:05:41 ERROR downloading https://repo1.maven.org/maven2/com/squareup/okio/okio/1.12.0/okio-1.12.0.jar ...
2020.08.01 14:05:41 ERROR 	[SUCCESSFUL ] org.reactivestreams#reactive-streams;1.0.0!reactive-streams.jar (631ms)
2020.08.01 14:05:41 ERROR 	[SUCCESSFUL ] org.slf4j#slf4j-api;1.7.25!slf4j-api.jar (562ms)
2020.08.01 14:05:41 ERROR downloading https://repo1.maven.org/maven2/org/scala-lang/modules/scala-parser-combinators_2.12/1.0.5/scala-parser-combinators_2.12-1.0.5.jar ...
2020.08.01 14:05:41 ERROR downloading https://repo1.maven.org/maven2/org/scala-sbt/zinc-compile-core_2.12/1.2.5/zinc-compile-core_2.12-1.2.5.jar ...
2020.08.01 14:05:41 ERROR 	[SUCCESSFUL ] com.squareup.okhttp3#okhttp;3.7.0!okhttp.jar (721ms)
2020.08.01 14:05:41 ERROR downloading https://repo1.maven.org/maven2/org/scala-sbt/zinc-core_2.12/1.2.5/zinc-core_2.12-1.2.5.jar ...
2020.08.01 14:05:41 ERROR 	[SUCCESSFUL ] com.typesafe#ssl-config-core_2.12;0.2.2!ssl-config-core_2.12.jar(bundle) (698ms)
2020.08.01 14:05:41 ERROR downloading https://repo1.maven.org/maven2/org/scala-sbt/zinc-persist_2.12/1.2.5/zinc-persist_2.12-1.2.5.jar ...
2020.08.01 14:05:43 ERROR 	[SUCCESSFUL ] com.typesafe#config;1.2.0!config.jar(bundle) (545ms)
2020.08.01 14:05:43 ERROR downloading https://repo1.maven.org/maven2/com/google/protobuf/protobuf-java/3.3.1/protobuf-java-3.3.1.jar ...
2020.08.01 14:05:43 ERROR 	[SUCCESSFUL ] com.squareup.okio#okio;1.12.0!okio.jar (516ms)
2020.08.01 14:05:43 ERROR downloading https://repo1.maven.org/maven2/org/scala-sbt/core-macros_2.12/1.2.7/core-macros_2.12-1.2.7.jar ...
2020.08.01 14:05:43 ERROR 	[SUCCESSFUL ] org.scala-lang.modules#scala-parser-combinators_2.12;1.0.5!scala-parser-combinators_2.12.jar(bundle) (629ms)
2020.08.01 14:05:43 ERROR downloading https://repo1.maven.org/maven2/org/scala-sbt/protocol_2.12/1.2.7/protocol_2.12-1.2.7.jar ...
2020.08.01 14:05:43 ERROR 	[SUCCESSFUL ] org.scala-sbt#zinc-compile-core_2.12;1.2.5!zinc-compile-core_2.12.jar (682ms)
2020.08.01 14:05:43 ERROR downloading https://repo1.maven.org/maven2/org/scala-sbt/ipcsocket/ipcsocket/1.0.0/ipcsocket-1.0.0.jar ...
2020.08.01 14:05:43 ERROR 	[SUCCESSFUL ] org.scala-sbt#zinc-core_2.12;1.2.5!zinc-core_2.12.jar (752ms)
2020.08.01 14:05:43 ERROR downloading https://repo1.maven.org/maven2/org/scala-sbt/util-scripted_2.12/1.2.4/util-scripted_2.12-1.2.4.jar ...
2020.08.01 14:05:43 ERROR 	[SUCCESSFUL ] org.scala-sbt#util-scripted_2.12;1.2.4!util-scripted_2.12.jar (515ms)
2020.08.01 14:05:43 ERROR downloading https://repo1.maven.org/maven2/org/scala-sbt/ivy/ivy/2.3.0-sbt-b18f59ea3bc914a297bb6f1a4f7fb0ace399e310/ivy-2.3.0-sbt-b18f59ea3bc914a297bb6f1a4f7fb0ace399e310.jar ...
2020.08.01 14:05:43 ERROR 	[SUCCESSFUL ] org.scala-sbt#core-macros_2.12;1.2.7!core-macros_2.12.jar (884ms)
2020.08.01 14:05:43 ERROR 	[SUCCESSFUL ] org.scala-sbt#protocol_2.12;1.2.7!protocol_2.12.jar (792ms)
2020.08.01 14:05:43 ERROR 	[SUCCESSFUL ] net.java.dev.jna#jna-platform;4.5.0!jna-platform.jar (2579ms)
2020.08.01 14:05:44 ERROR 	[SUCCESSFUL ] com.google.protobuf#protobuf-java;3.3.1!protobuf-java.jar(bundle) (1185ms)
2020.08.01 14:05:44 ERROR 	[SUCCESSFUL ] org.scala-lang#scala-compiler;2.12.7!scala-compiler.jar (2450ms)
2020.08.01 14:05:44 ERROR 	[SUCCESSFUL ] org.scala-sbt.ipcsocket#ipcsocket;1.0.0!ipcsocket.jar (1061ms)
2020.08.01 14:05:44 ERROR 	[SUCCESSFUL ] org.scala-sbt.ivy#ivy;2.3.0-sbt-b18f59ea3bc914a297bb6f1a4f7fb0ace399e310!ivy.jar (489ms)
2020.08.01 14:05:44 ERROR 	[SUCCESSFUL ] org.scala-sbt#zinc-persist_2.12;1.2.5!zinc-persist_2.12.jar (1752ms)
2020.08.01 14:05:44 ERROR :: retrieving :: org.scala-sbt#boot-app
2020.08.01 14:05:44 ERROR 	confs: [default]
2020.08.01 14:05:44 ERROR 	80 artifacts copied, 0 already retrieved
2020.08.01 14:05:44 ERROR [info] [launcher] getting Scala 2.12.7 (for sbt)...
2020.08.01 14:05:44 ERROR :: retrieving :: org.scala-sbt#boot-scala
2020.08.01 14:05:44 ERROR 	confs: [default]
2020.08.01 14:05:44 ERROR 	5 artifacts copied, 0 already retrieved
2020.08.01 14:05:53 INFO  [info] Loading settings for project credit_loss-build from metals.sbt ...
2020.08.01 14:05:53 INFO  [info] Loading project definition from /home/daniel/Documents/code/scala/credit_loss/project
2020.08.01 14:05:54 INFO  [info] Updating ProjectRef(uri("file:/home/daniel/Documents/code/scala/credit_loss/project/"), "credit_loss-build")...
2020.08.01 14:06:08 INFO  [info] downloading https://repo1.maven.org/maven2/com/google/code/gson/gson/2.7/gson-2.7.jar ...
2020.08.01 14:06:08 INFO  [info] downloading https://repo1.maven.org/maven2/com/google/code/findbugs/jsr305/3.0.2/jsr305-3.0.2.jar ...
2020.08.01 14:06:08 INFO  [info] downloading https://repo1.maven.org/maven2/ch/epfl/scala/sbt-bloop_2.12_1.0/1.4.3/sbt-bloop-1.4.3.jar ...
2020.08.01 14:06:08 WARN  code navigation does not work for the file '/home/daniel/Documents/code/scala/credit_loss/src/main/scala/com/danielhstahl/creditloss/LoanLoss.scala' because it doesn't belong to a build target.
2020.08.01 14:06:08 WARN  code navigation does not work for the file '/home/daniel/Documents/code/scala/credit_loss/src/main/scala/com/danielhstahl/creditloss/LoanLoss.scala' because it doesn't belong to a build target.
2020.08.01 14:06:08 INFO  [info] 	[SUCCESSFUL ] com.google.code.findbugs#jsr305;3.0.2!jsr305.jar (616ms)
2020.08.01 14:06:08 INFO  [info] 	[SUCCESSFUL ] com.google.code.gson#gson;2.7!gson.jar (682ms)
2020.08.01 14:06:08 WARN  code navigation does not work for the file '/home/daniel/Documents/code/scala/credit_loss/src/main/scala/com/danielhstahl/creditloss/LoanLoss.scala' because it doesn't belong to a build target.
2020.08.01 14:06:08 WARN  code navigation does not work for the file '/home/daniel/Documents/code/scala/credit_loss/src/main/scala/com/danielhstahl/creditloss/LoanLoss.scala' because it doesn't belong to a build target.
2020.08.01 14:06:10 INFO  [info] 	[SUCCESSFUL ] ch.epfl.scala#sbt-bloop;1.4.3!sbt-bloop.jar (2615ms)
2020.08.01 14:06:10 INFO  [info] Done updating.
2020.08.01 14:06:12 INFO  [info] Compiling 1 Scala source to /home/daniel/Documents/code/scala/credit_loss/project/target/scala-2.12/sbt-1.0/classes ...
2020.08.01 14:06:13 INFO  [info] Non-compiled module 'compiler-bridge_2.12' for Scala 2.12.7. Compiling...
2020.08.01 14:06:23 WARN  no build target for: /home/daniel/Documents/code/scala/credit_loss/src/main/scala/com/danielhstahl/creditloss/LoanLoss.scala
2020.08.01 14:06:35 INFO  [info]   Compilation completed in 21.563s.
2020.08.01 14:06:36 INFO  [info] Done compiling.
2020.08.01 14:06:36 ERROR WARNING: An illegal reflective access operation has occurred
2020.08.01 14:06:36 ERROR WARNING: Illegal reflective access by com.google.protobuf.UnsafeUtil (file:/home/daniel/.sbt/boot/scala-2.12.7/org.scala-sbt/sbt/1.2.7/protobuf-java-3.3.1.jar) to field java.nio.Buffer.address
2020.08.01 14:06:36 ERROR WARNING: Please consider reporting this to the maintainers of com.google.protobuf.UnsafeUtil
2020.08.01 14:06:36 ERROR WARNING: Use --illegal-access=warn to enable warnings of further illegal reflective access operations
2020.08.01 14:06:36 ERROR WARNING: All illegal access operations will be denied in a future release
2020.08.01 14:06:36 INFO  [error] [/home/daniel/Documents/code/scala/credit_loss/build.sbt]:24: ')' expected but string literal found.
2020.08.01 14:06:37 INFO  Project loading failed: (r)etry, (q)uit, (l)ast, or (i)gnore? 
2020.08.01 14:06:37 INFO  time: ran 'sbt bloopInstall' in 1m25s
2020.08.01 14:06:37 INFO  build tool exit: 1
2020.08.01 14:06:37 ERROR sbt command failed: /usr/lib/jvm/java-11-openjdk-amd64/bin/java -Djline.terminal=jline.UnsupportedTerminal -Dsbt.log.noformat=true -Dfile.encoding=UTF-8 -jar /tmp/metals646548248517019518/sbt-launch.jar -Dbloop.export-jar-classifiers=sources bloopInstall
2020.08.01 14:07:53 ERROR scalafmt: /home/daniel/Documents/code/scala/credit_loss/src/main/scala/com/danielhstahl/creditloss/LoanLoss.scala
org.scalameta.invariants.InvariantFailedException: invariant failed:
when verifying false.&&(org.scalameta.`package`.debug(hasParams, hasImplicits, hasTypes))
found that false is false
where hasImplicits = false
where hasParams = true
where hasTypes = false
	at org.scalameta.invariants.InvariantFailedException$.raise(Exceptions.scala:19)
	at scala.meta.internal.parsers.ScalametaParser$PatternContextSensitive.ts$1(ScalametaParser.scala:992)
	at scala.meta.internal.parsers.ScalametaParser$PatternContextSensitive.$anonfun$tupleInfixType$7(ScalametaParser.scala:1023)
	at scala.meta.internal.parsers.ScalametaParser.atPos(ScalametaParser.scala:413)
	at scala.meta.internal.parsers.ScalametaParser$PatternContextSensitive.$anonfun$tupleInfixType$1(ScalametaParser.scala:1023)
	at scala.meta.internal.parsers.ScalametaParser.atPos(ScalametaParser.scala:413)
	at scala.meta.internal.parsers.ScalametaParser.autoPos(ScalametaParser.scala:419)
	at scala.meta.internal.parsers.ScalametaParser$PatternContextSensitive.tupleInfixType(ScalametaParser.scala:932)
	at scala.meta.internal.parsers.ScalametaParser$PatternContextSensitive.$anonfun$typRest$1(ScalametaParser.scala:1062)
	at scala.meta.internal.parsers.ScalametaParser.atPos(ScalametaParser.scala:413)
	at scala.meta.internal.parsers.ScalametaParser.autoPos(ScalametaParser.scala:419)
	at scala.meta.internal.parsers.ScalametaParser$PatternContextSensitive.typRest(ScalametaParser.scala:1057)
	at scala.meta.internal.parsers.ScalametaParser$PatternContextSensitive.typRest$(ScalametaParser.scala:1056)
	at scala.meta.internal.parsers.ScalametaParser$outPattern$.typRest(ScalametaParser.scala:2591)
	at scala.meta.internal.parsers.ScalametaParser$PatternContextSensitive.$anonfun$typ$1(ScalametaParser.scala:1052)
	at scala.meta.internal.parsers.ScalametaParser.atPos(ScalametaParser.scala:413)
	at scala.meta.internal.parsers.ScalametaParser.autoPos(ScalametaParser.scala:419)
	at scala.meta.internal.parsers.ScalametaParser$PatternContextSensitive.typ(ScalametaParser.scala:1043)
	at scala.meta.internal.parsers.ScalametaParser$PatternContextSensitive.typ$(ScalametaParser.scala:1042)
	at scala.meta.internal.parsers.ScalametaParser$outPattern$.typ(ScalametaParser.scala:2591)
	at scala.meta.internal.parsers.ScalametaParser.typ(ScalametaParser.scala:2613)
	at scala.meta.internal.parsers.ScalametaParser.typedOpt(ScalametaParser.scala:1546)
	at scala.meta.internal.parsers.ScalametaParser.$anonfun$funDefRest$6(ScalametaParser.scala:3368)
	at scala.meta.internal.parsers.ScalametaParser.fromWithinReturnType(ScalametaParser.scala:430)
	at scala.meta.internal.parsers.ScalametaParser.$anonfun$funDefRest$1(ScalametaParser.scala:3368)
	at scala.meta.internal.parsers.ScalametaParser.atPos(ScalametaParser.scala:413)
	at scala.meta.internal.parsers.ScalametaParser.funDefRest(ScalametaParser.scala:3345)
	at scala.meta.internal.parsers.ScalametaParser.$anonfun$funDefExtRest$1(ScalametaParser.scala:3212)
	at scala.meta.internal.parsers.ScalametaParser.atPos(ScalametaParser.scala:413)
	at scala.meta.internal.parsers.ScalametaParser.funDefExtRest(ScalametaParser.scala:3208)
	at scala.meta.internal.parsers.ScalametaParser.funDefOrDclOrExtensionOrSecondaryCtor(ScalametaParser.scala:3204)
	at scala.meta.internal.parsers.ScalametaParser.defOrDclOrSecondaryCtor(ScalametaParser.scala:3116)
	at scala.meta.internal.parsers.ScalametaParser.nonLocalDefOrDcl(ScalametaParser.scala:3101)
	at scala.meta.internal.parsers.ScalametaParser$$anonfun$templateStat$1.applyOrElse(ScalametaParser.scala:3926)
	at scala.meta.internal.parsers.ScalametaParser$$anonfun$templateStat$1.applyOrElse(ScalametaParser.scala:3922)
	at scala.runtime.AbstractPartialFunction.apply(AbstractPartialFunction.scala:35)
	at scala.meta.internal.parsers.ScalametaParser.statSeq(ScalametaParser.scala:3871)
	at scala.meta.internal.parsers.ScalametaParser.templateStats(ScalametaParser.scala:3921)
	at scala.meta.internal.parsers.ScalametaParser.templateStatSeq(ScalametaParser.scala:3918)
	at scala.meta.internal.parsers.ScalametaParser.$anonfun$templateBody$1(ScalametaParser.scala:3788)
	at scala.meta.internal.parsers.ScalametaParser.inBraces(ScalametaParser.scala:346)
	at scala.meta.internal.parsers.ScalametaParser.templateBody(ScalametaParser.scala:3788)
	at scala.meta.internal.parsers.ScalametaParser.templateBodyOpt(ScalametaParser.scala:3793)
	at scala.meta.internal.parsers.ScalametaParser.templateOpt(ScalametaParser.scala:3782)
	at scala.meta.internal.parsers.ScalametaParser.$anonfun$objectDef$1(ScalametaParser.scala:3558)
	at scala.meta.internal.parsers.ScalametaParser.atPos(ScalametaParser.scala:413)
	at scala.meta.internal.parsers.ScalametaParser.objectDef(ScalametaParser.scala:3550)
	at scala.meta.internal.parsers.ScalametaParser.tmplDef(ScalametaParser.scala:3452)
	at scala.meta.internal.parsers.ScalametaParser.topLevelTmplDef(ScalametaParser.scala:3436)
	at scala.meta.internal.parsers.ScalametaParser$$anonfun$topStat$1.applyOrElse(ScalametaParser.scala:3890)
	at scala.meta.internal.parsers.ScalametaParser$$anonfun$topStat$1.applyOrElse(ScalametaParser.scala:3880)
	at scala.runtime.AbstractPartialFunction.apply(AbstractPartialFunction.scala:35)
	at scala.meta.internal.parsers.ScalametaParser.statSeq(ScalametaParser.scala:3871)
	at scala.meta.internal.parsers.ScalametaParser.topStatSeq(ScalametaParser.scala:3879)
	at scala.meta.internal.parsers.ScalametaParser.bracelessPackageStats$1(ScalametaParser.scala:4069)
	at scala.meta.internal.parsers.ScalametaParser.$anonfun$batchSource$9(ScalametaParser.scala:4075)
	at scala.meta.internal.parsers.ScalametaParser.atPos(ScalametaParser.scala:413)
	at scala.meta.internal.parsers.ScalametaParser.$anonfun$batchSource$1(ScalametaParser.scala:4075)
	at scala.meta.internal.parsers.ScalametaParser.atPos(ScalametaParser.scala:413)
	at scala.meta.internal.parsers.ScalametaParser.autoPos(ScalametaParser.scala:419)
	at scala.meta.internal.parsers.ScalametaParser.batchSource(ScalametaParser.scala:4043)
	at scala.meta.internal.parsers.ScalametaParser.$anonfun$source$1(ScalametaParser.scala:4026)
	at scala.meta.internal.parsers.ScalametaParser.atPos(ScalametaParser.scala:413)
	at scala.meta.internal.parsers.ScalametaParser.autoPos(ScalametaParser.scala:419)
	at scala.meta.internal.parsers.ScalametaParser.source(ScalametaParser.scala:4025)
	at scala.meta.internal.parsers.ScalametaParser.entrypointSource(ScalametaParser.scala:4031)
	at scala.meta.internal.parsers.ScalametaParser.$anonfun$parseSource$2(ScalametaParser.scala:134)
	at scala.meta.internal.parsers.ScalametaParser.parseRule(ScalametaParser.scala:44)
	at scala.meta.internal.parsers.ScalametaParser.parseSource(ScalametaParser.scala:134)
	at scala.meta.parsers.Parse$.$anonfun$parseSource$1(Parse.scala:29)
	at scala.meta.internal.parsers.ScalametaParser$$anon$209.apply(ScalametaParser.scala:4087)
	at scala.meta.parsers.Api$XtensionParseDialectInput.parse(Api.scala:25)
	at org.scalafmt.config.ScalafmtRunner.parse(ScalafmtRunner.scala:50)
	at org.scalafmt.rewrite.Rewrite$.apply(Rewrite.scala:153)
	at org.scalafmt.Scalafmt$.$anonfun$formatCode$1(Scalafmt.scala:78)
	at scala.util.Try$.apply(Try.scala:210)
	at org.scalafmt.Scalafmt$.formatCode(Scalafmt.scala:70)
	at org.scalafmt.Scalafmt$.format(Scalafmt.scala:52)
	at org.scalafmt.Scalafmt.format(Scalafmt.scala)
	at jdk.internal.reflect.GeneratedMethodAccessor19.invoke(null)
	at jdk.internal.reflect.DelegatingMethodAccessorImpl.invoke(DelegatingMethodAccessorImpl.java:43)
	at java.lang.reflect.Method.invoke(Method.java:566)
	at org.scalafmt.dynamic.ScalafmtReflect.format(ScalafmtReflect.scala:107)
	at org.scalafmt.dynamic.ScalafmtReflectConfig.format(ScalafmtReflectConfig.scala:121)
	at org.scalafmt.dynamic.ScalafmtDynamic.$anonfun$tryFormat$1(ScalafmtDynamic.scala:203)
	at scala.util.Try$.apply(Try.scala:213)
	at org.scalafmt.dynamic.ScalafmtDynamic.org$scalafmt$dynamic$ScalafmtDynamic$$tryFormat(ScalafmtDynamic.scala:188)
	at org.scalafmt.dynamic.ScalafmtDynamic.$anonfun$formatDetailed$1(ScalafmtDynamic.scala:103)
	at scala.util.Either.flatMap(Either.scala:341)
	at org.scalafmt.dynamic.ScalafmtDynamic.formatDetailed(ScalafmtDynamic.scala:102)
	at org.scalafmt.dynamic.ScalafmtDynamic.format(ScalafmtDynamic.scala:72)
	at scala.meta.internal.metals.FormattingProvider.runFormat(FormattingProvider.scala:129)
	at scala.meta.internal.metals.FormattingProvider.format(FormattingProvider.scala:105)
	at scala.meta.internal.metals.MetalsLanguageServer.$anonfun$formatting$1(MetalsLanguageServer.scala:1136)
	at scala.meta.internal.metals.CancelTokens$.future(CancelTokens.scala:38)
	at scala.meta.internal.metals.MetalsLanguageServer.formatting(MetalsLanguageServer.scala:1133)
	at jdk.internal.reflect.GeneratedMethodAccessor13.invoke(null)
	at jdk.internal.reflect.DelegatingMethodAccessorImpl.invoke(DelegatingMethodAccessorImpl.java:43)
	at java.lang.reflect.Method.invoke(Method.java:566)
	at org.eclipse.lsp4j.jsonrpc.services.GenericEndpoint.lambda$null$0(GenericEndpoint.java:65)
	at org.eclipse.lsp4j.jsonrpc.services.GenericEndpoint.request(GenericEndpoint.java:120)
	at org.eclipse.lsp4j.jsonrpc.RemoteEndpoint.handleRequest(RemoteEndpoint.java:261)
	at org.eclipse.lsp4j.jsonrpc.RemoteEndpoint.consume(RemoteEndpoint.java:190)
	at org.eclipse.lsp4j.jsonrpc.json.StreamMessageProducer.handleMessage(StreamMessageProducer.java:194)
	at org.eclipse.lsp4j.jsonrpc.json.StreamMessageProducer.listen(StreamMessageProducer.java:94)
	at org.eclipse.lsp4j.jsonrpc.json.ConcurrentMessageProcessor.run(ConcurrentMessageProcessor.java:113)
	at java.util.concurrent.Executors$RunnableAdapter.call(Executors.java:515)
	at java.util.concurrent.FutureTask.run(FutureTask.java:264)
	at java.util.concurrent.ThreadPoolExecutor.runWorker(ThreadPoolExecutor.java:1128)
	at java.util.concurrent.ThreadPoolExecutor$Worker.run(ThreadPoolExecutor.java:628)
	at java.lang.Thread.run(Thread.java:834)

2020.08.01 14:07:53 WARN  no build target for: /home/daniel/Documents/code/scala/credit_loss/src/main/scala/com/danielhstahl/creditloss/LoanLoss.scala
2020.08.01 14:07:54 ERROR /home/daniel/Documents/code/scala/credit_loss/src/main/scala/com/danielhstahl/creditloss/LoanLoss.scala
org.scalameta.invariants.InvariantFailedException: invariant failed:
when verifying false.&&(org.scalameta.`package`.debug(hasParams, hasImplicits, hasTypes))
found that false is false
where hasImplicits = false
where hasParams = true
where hasTypes = false
	at org.scalameta.invariants.InvariantFailedException$.raise(Exceptions.scala:19)
	at scala.meta.internal.parsers.ScalametaParser$PatternContextSensitive.ts$1(ScalametaParser.scala:992)
	at scala.meta.internal.parsers.ScalametaParser$PatternContextSensitive.$anonfun$tupleInfixType$7(ScalametaParser.scala:1023)
	at scala.meta.internal.parsers.ScalametaParser.atPos(ScalametaParser.scala:413)
	at scala.meta.internal.parsers.ScalametaParser$PatternContextSensitive.$anonfun$tupleInfixType$1(ScalametaParser.scala:1023)
	at scala.meta.internal.parsers.ScalametaParser.atPos(ScalametaParser.scala:413)
	at scala.meta.internal.parsers.ScalametaParser.autoPos(ScalametaParser.scala:419)
	at scala.meta.internal.parsers.ScalametaParser$PatternContextSensitive.tupleInfixType(ScalametaParser.scala:932)
	at scala.meta.internal.parsers.ScalametaParser$PatternContextSensitive.$anonfun$typRest$1(ScalametaParser.scala:1062)
	at scala.meta.internal.parsers.ScalametaParser.atPos(ScalametaParser.scala:413)
	at scala.meta.internal.parsers.ScalametaParser.autoPos(ScalametaParser.scala:419)
	at scala.meta.internal.parsers.ScalametaParser$PatternContextSensitive.typRest(ScalametaParser.scala:1057)
	at scala.meta.internal.parsers.ScalametaParser$PatternContextSensitive.typRest$(ScalametaParser.scala:1056)
	at scala.meta.internal.parsers.ScalametaParser$outPattern$.typRest(ScalametaParser.scala:2591)
	at scala.meta.internal.parsers.ScalametaParser$PatternContextSensitive.$anonfun$typ$1(ScalametaParser.scala:1052)
	at scala.meta.internal.parsers.ScalametaParser.atPos(ScalametaParser.scala:413)
	at scala.meta.internal.parsers.ScalametaParser.autoPos(ScalametaParser.scala:419)
	at scala.meta.internal.parsers.ScalametaParser$PatternContextSensitive.typ(ScalametaParser.scala:1043)
	at scala.meta.internal.parsers.ScalametaParser$PatternContextSensitive.typ$(ScalametaParser.scala:1042)
	at scala.meta.internal.parsers.ScalametaParser$outPattern$.typ(ScalametaParser.scala:2591)
	at scala.meta.internal.parsers.ScalametaParser.typ(ScalametaParser.scala:2613)
	at scala.meta.internal.parsers.ScalametaParser.typedOpt(ScalametaParser.scala:1546)
	at scala.meta.internal.parsers.ScalametaParser.$anonfun$funDefRest$6(ScalametaParser.scala:3368)
	at scala.meta.internal.parsers.ScalametaParser.fromWithinReturnType(ScalametaParser.scala:430)
	at scala.meta.internal.parsers.ScalametaParser.$anonfun$funDefRest$1(ScalametaParser.scala:3368)
	at scala.meta.internal.parsers.ScalametaParser.atPos(ScalametaParser.scala:413)
	at scala.meta.internal.parsers.ScalametaParser.funDefRest(ScalametaParser.scala:3345)
	at scala.meta.internal.parsers.ScalametaParser.$anonfun$funDefExtRest$1(ScalametaParser.scala:3212)
	at scala.meta.internal.parsers.ScalametaParser.atPos(ScalametaParser.scala:413)
	at scala.meta.internal.parsers.ScalametaParser.funDefExtRest(ScalametaParser.scala:3208)
	at scala.meta.internal.parsers.ScalametaParser.funDefOrDclOrExtensionOrSecondaryCtor(ScalametaParser.scala:3204)
	at scala.meta.internal.parsers.ScalametaParser.defOrDclOrSecondaryCtor(ScalametaParser.scala:3116)
	at scala.meta.internal.parsers.ScalametaParser.nonLocalDefOrDcl(ScalametaParser.scala:3101)
	at scala.meta.internal.parsers.ScalametaParser$$anonfun$templateStat$1.applyOrElse(ScalametaParser.scala:3926)
	at scala.meta.internal.parsers.ScalametaParser$$anonfun$templateStat$1.applyOrElse(ScalametaParser.scala:3922)
	at scala.runtime.AbstractPartialFunction.apply(AbstractPartialFunction.scala:38)
	at scala.meta.internal.parsers.ScalametaParser.statSeq(ScalametaParser.scala:3871)
	at scala.meta.internal.parsers.ScalametaParser.templateStats(ScalametaParser.scala:3921)
	at scala.meta.internal.parsers.ScalametaParser.templateStatSeq(ScalametaParser.scala:3918)
	at scala.meta.internal.parsers.ScalametaParser.$anonfun$templateBody$1(ScalametaParser.scala:3788)
	at scala.meta.internal.parsers.ScalametaParser.inBraces(ScalametaParser.scala:346)
	at scala.meta.internal.parsers.ScalametaParser.templateBody(ScalametaParser.scala:3788)
	at scala.meta.internal.parsers.ScalametaParser.templateBodyOpt(ScalametaParser.scala:3793)
	at scala.meta.internal.parsers.ScalametaParser.templateOpt(ScalametaParser.scala:3782)
	at scala.meta.internal.parsers.ScalametaParser.$anonfun$objectDef$1(ScalametaParser.scala:3558)
	at scala.meta.internal.parsers.ScalametaParser.atPos(ScalametaParser.scala:413)
	at scala.meta.internal.parsers.ScalametaParser.objectDef(ScalametaParser.scala:3550)
	at scala.meta.internal.parsers.ScalametaParser.tmplDef(ScalametaParser.scala:3452)
	at scala.meta.internal.parsers.ScalametaParser.topLevelTmplDef(ScalametaParser.scala:3436)
	at scala.meta.internal.parsers.ScalametaParser$$anonfun$topStat$1.applyOrElse(ScalametaParser.scala:3890)
	at scala.meta.internal.parsers.ScalametaParser$$anonfun$topStat$1.applyOrElse(ScalametaParser.scala:3880)
	at scala.runtime.AbstractPartialFunction.apply(AbstractPartialFunction.scala:38)
	at scala.meta.internal.parsers.ScalametaParser.statSeq(ScalametaParser.scala:3871)
	at scala.meta.internal.parsers.ScalametaParser.topStatSeq(ScalametaParser.scala:3879)
	at scala.meta.internal.parsers.ScalametaParser.bracelessPackageStats$1(ScalametaParser.scala:4069)
	at scala.meta.internal.parsers.ScalametaParser.$anonfun$batchSource$9(ScalametaParser.scala:4075)
	at scala.meta.internal.parsers.ScalametaParser.atPos(ScalametaParser.scala:413)
	at scala.meta.internal.parsers.ScalametaParser.$anonfun$batchSource$1(ScalametaParser.scala:4075)
	at scala.meta.internal.parsers.ScalametaParser.atPos(ScalametaParser.scala:413)
	at scala.meta.internal.parsers.ScalametaParser.autoPos(ScalametaParser.scala:419)
	at scala.meta.internal.parsers.ScalametaParser.batchSource(ScalametaParser.scala:4043)
	at scala.meta.internal.parsers.ScalametaParser.$anonfun$source$1(ScalametaParser.scala:4026)
	at scala.meta.internal.parsers.ScalametaParser.atPos(ScalametaParser.scala:413)
	at scala.meta.internal.parsers.ScalametaParser.autoPos(ScalametaParser.scala:419)
	at scala.meta.internal.parsers.ScalametaParser.source(ScalametaParser.scala:4025)
	at scala.meta.internal.parsers.ScalametaParser.entrypointSource(ScalametaParser.scala:4031)
	at scala.meta.internal.parsers.ScalametaParser.$anonfun$parseSource$2(ScalametaParser.scala:134)
	at scala.meta.internal.parsers.ScalametaParser.parseRule(ScalametaParser.scala:44)
	at scala.meta.internal.parsers.ScalametaParser.parseSource(ScalametaParser.scala:134)
	at scala.meta.parsers.Parse$.$anonfun$parseSource$1(Parse.scala:29)
	at scala.meta.internal.parsers.ScalametaParser$$anon$209.apply(ScalametaParser.scala:4087)
	at scala.meta.parsers.Api$XtensionParseDialectInput.parse(Api.scala:25)
	at scala.meta.internal.mtags.ScalaMtags.<init>(ScalaMtags.scala:35)
	at scala.meta.internal.metals.Docstrings$Deindexer.<init>(Docstrings.scala:96)
	at scala.meta.internal.metals.Docstrings.expireSymbolDefinition(Docstrings.scala:60)
	at scala.meta.internal.metals.MetalsLanguageServer.indexSourceFile(MetalsLanguageServer.scala:1764)
	at scala.meta.internal.metals.MetalsLanguageServer.$anonfun$reindexWorkspaceSources$2(MetalsLanguageServer.scala:1717)
	at scala.meta.internal.metals.MetalsLanguageServer.$anonfun$reindexWorkspaceSources$2$adapted(MetalsLanguageServer.scala:1714)
	at scala.collection.Iterator.foreach(Iterator.scala:943)
	at scala.collection.Iterator.foreach$(Iterator.scala:943)
	at scala.collection.AbstractIterator.foreach(Iterator.scala:1431)
	at scala.meta.internal.metals.MetalsLanguageServer.reindexWorkspaceSources(MetalsLanguageServer.scala:1714)
	at scala.meta.internal.metals.MetalsLanguageServer.$anonfun$onChange$2(MetalsLanguageServer.scala:1055)
	at scala.runtime.java8.JFunction0$mcV$sp.apply(JFunction0$mcV$sp.java:23)
	at scala.concurrent.Future$.$anonfun$apply$1(Future.scala:659)
	at scala.util.Success.$anonfun$map$1(Try.scala:255)
	at scala.util.Success.map(Try.scala:213)
	at scala.concurrent.Future.$anonfun$map$1(Future.scala:292)
	at scala.concurrent.impl.Promise.liftedTree1$1(Promise.scala:33)
	at scala.concurrent.impl.Promise.$anonfun$transform$1(Promise.scala:33)
	at scala.concurrent.impl.CallbackRunnable.run(Promise.scala:64)
	at java.util.concurrent.ThreadPoolExecutor.runWorker(ThreadPoolExecutor.java:1128)
	at java.util.concurrent.ThreadPoolExecutor$Worker.run(ThreadPoolExecutor.java:628)
	at java.lang.Thread.run(Thread.java:834)

2020.08.01 14:07:57 WARN  code navigation does not work for the file '/home/daniel/Documents/code/scala/credit_loss/src/main/scala/com/danielhstahl/creditloss/LoanLoss.scala' because it doesn't belong to a build target.
2020.08.01 14:08:09 ERROR scalafmt: /home/daniel/Documents/code/scala/credit_loss/src/main/scala/com/danielhstahl/creditloss/LoanLoss.scala:118: error: can't mix function type and method type syntaxes
  def getLiquidityRiskFn(lambda: Double, q: Double): (u: Complex)=>Complex={
                                                                 ^
2020.08.01 14:08:09 WARN  no build target for: /home/daniel/Documents/code/scala/credit_loss/src/main/scala/com/danielhstahl/creditloss/LoanLoss.scala
2020.08.01 14:08:17 ERROR scalafmt: /home/daniel/Documents/code/scala/credit_loss/src/main/scala/com/danielhstahl/creditloss/LoanLoss.scala:119: error: ; expected but = found
    (u: Complex):Complex={
                        ^
2020.08.01 14:08:17 WARN  no build target for: /home/daniel/Documents/code/scala/credit_loss/src/main/scala/com/danielhstahl/creditloss/LoanLoss.scala
2020.08.01 14:08:43 WARN  no build target for: /home/daniel/Documents/code/scala/credit_loss/src/main/scala/com/danielhstahl/creditloss/LoanLoss.scala
2020.08.01 14:10:00 WARN  no build target for: /home/daniel/Documents/code/scala/credit_loss/src/main/scala/com/danielhstahl/creditloss/LoanLoss.scala
2020.08.01 14:10:59 ERROR scalafmt: /home/daniel/Documents/code/scala/credit_loss/src/main/scala/com/danielhstahl/creditloss/LoanLoss.scala:125: error: ; expected but ) found
      (u:Complex, balance:Double, pd:Double, lgd:Double, lgdVariance:Double)=>lgdCf(liquidityCf(u), lgd*balance, lgdVariance)-1.0)*pd
                                                                                                                                 ^
2020.08.01 14:10:59 WARN  no build target for: /home/daniel/Documents/code/scala/credit_loss/src/main/scala/com/danielhstahl/creditloss/LoanLoss.scala
2020.08.01 14:11:12 WARN  no build target for: /home/daniel/Documents/code/scala/credit_loss/src/main/scala/com/danielhstahl/creditloss/LoanLoss.scala
